[2023-11-22 07:46:40] local.ERROR: Target class [App\Core\Bootstrap\Metronic\Demo1\BootstrapAuth] does not exist. {"view":{"view":"/Users/faizal/Sites/keenthemes/_releases/metronic_v8.2.1/laravel/metronic_laravel_v8.2.1/starterkit/resources/views/pages/auth/login.blade.php","data":{"errors":"<pre class=sf-dump id=sf-dump-1732845103 data-indent-pad=\"  \"><span class=sf-dump-note>Illuminate\\Support\\ViewErrorBag</span> {<a class=sf-dump-ref>#1474</a><samp data-depth=1 class=sf-dump-expanded>
  #<span class=sf-dump-protected title=\"Protected property\">bags</span>: []
</samp>}
</pre><script>Sfdump(\"sf-dump-1732845103\", {\"maxDepth\":3,\"maxStringLength\":160})</script>
"}},"exception":"[object] (Spatie\\LaravelIgnition\\Exceptions\\ViewException(code: 0): Target class [App\\Core\\Bootstrap\\Metronic\\Demo1\\BootstrapAuth] does not exist. at /Users/faizal/Sites/keenthemes/_releases/metronic_v8.2.1/laravel/metronic_laravel_v8.2.1/starterkit/vendor/laravel/framework/src/Illuminate/Container/Container.php:914)
[stacktrace]
#0 /Users/faizal/Sites/keenthemes/_releases/metronic_v8.2.1/laravel/metronic_laravel_v8.2.1/starterkit/vendor/laravel/framework/src/Illuminate/Container/Container.php(795): Illuminate\\Container\\Container->build('App\\\\Core\\\\Bootst...')
#1 /Users/faizal/Sites/keenthemes/_releases/metronic_v8.2.1/laravel/metronic_laravel_v8.2.1/starterkit/vendor/laravel/framework/src/Illuminate/Foundation/Application.php(955): Illuminate\\Container\\Container->resolve('App\\\\Core\\\\Bootst...', Array, true)
#2 /Users/faizal/Sites/keenthemes/_releases/metronic_v8.2.1/laravel/metronic_laravel_v8.2.1/starterkit/vendor/laravel/framework/src/Illuminate/Container/Container.php(731): Illuminate\\Foundation\\Application->resolve('App\\\\Core\\\\Bootst...', Array)
#3 /Users/faizal/Sites/keenthemes/_releases/metronic_v8.2.1/laravel/metronic_laravel_v8.2.1/starterkit/vendor/laravel/framework/src/Illuminate/Foundation/Application.php(940): Illuminate\\Container\\Container->make('App\\\\Core\\\\Bootst...', Array)
#4 /Users/faizal/Sites/keenthemes/_releases/metronic_v8.2.1/laravel/metronic_laravel_v8.2.1/starterkit/vendor/laravel/framework/src/Illuminate/Foundation/helpers.php(120): Illuminate\\Foundation\\Application->make('App\\\\Core\\\\Bootst...', Array)
#5 /Users/faizal/Sites/keenthemes/_releases/metronic_v8.2.1/laravel/metronic_laravel_v8.2.1/starterkit/app/View/Components/AuthLayout.php(17): app('App\\\\Core\\\\Bootst...')
#6 /Users/faizal/Sites/keenthemes/_releases/metronic_v8.2.1/laravel/metronic_laravel_v8.2.1/starterkit/vendor/laravel/framework/src/Illuminate/View/Component.php(102): App\\View\\Components\\AuthLayout->__construct()
#7 /Users/faizal/Sites/keenthemes/_releases/metronic_v8.2.1/laravel/metronic_laravel_v8.2.1/starterkit/resources/views/pages/auth/login.blade.php(1): Illuminate\\View\\Component::resolve(Array)
#8 /Users/faizal/Sites/keenthemes/_releases/metronic_v8.2.1/laravel/metronic_laravel_v8.2.1/starterkit/vendor/laravel/framework/src/Illuminate/Filesystem/Filesystem.php(124): require('/Users/faizal/S...')
#9 /Users/faizal/Sites/keenthemes/_releases/metronic_v8.2.1/laravel/metronic_laravel_v8.2.1/starterkit/vendor/laravel/framework/src/Illuminate/Filesystem/Filesystem.php(125): Illuminate\\Filesystem\\Filesystem::Illuminate\\Filesystem\\{closure}()
#10 /Users/faizal/Sites/keenthemes/_releases/metronic_v8.2.1/laravel/metronic_laravel_v8.2.1/starterkit/vendor/laravel/framework/src/Illuminate/View/Engines/PhpEngine.php(58): Illuminate\\Filesystem\\Filesystem->getRequire('/Users/faizal/S...', Array)
#11 /Users/faizal/Sites/keenthemes/_releases/metronic_v8.2.1/laravel/metronic_laravel_v8.2.1/starterkit/vendor/livewire/livewire/src/ComponentConcerns/RendersLivewireComponents.php(69): Illuminate\\View\\Engines\\PhpEngine->evaluatePath('/Users/faizal/S...', Array)
#12 /Users/faizal/Sites/keenthemes/_releases/metronic_v8.2.1/laravel/metronic_laravel_v8.2.1/starterkit/vendor/laravel/framework/src/Illuminate/View/Engines/CompilerEngine.php(72): Livewire\\LivewireViewCompilerEngine->evaluatePath('/Users/faizal/S...', Array)
#13 /Users/faizal/Sites/keenthemes/_releases/metronic_v8.2.1/laravel/metronic_laravel_v8.2.1/starterkit/vendor/livewire/livewire/src/ComponentConcerns/RendersLivewireComponents.php(35): Illuminate\\View\\Engines\\CompilerEngine->get('/Users/faizal/S...', Array)
#14 /Users/faizal/Sites/keenthemes/_releases/metronic_v8.2.1/laravel/metronic_laravel_v8.2.1/starterkit/vendor/laravel/framework/src/Illuminate/View/View.php(207): Livewire\\LivewireViewCompilerEngine->get('/Users/faizal/S...', Array)
#15 /Users/faizal/Sites/keenthemes/_releases/metronic_v8.2.1/laravel/metronic_laravel_v8.2.1/starterkit/vendor/laravel/framework/src/Illuminate/View/View.php(190): Illuminate\\View\\View->getContents()
#16 /Users/faizal/Sites/keenthemes/_releases/metronic_v8.2.1/laravel/metronic_laravel_v8.2.1/starterkit/vendor/laravel/framework/src/Illuminate/View/View.php(159): Illuminate\\View\\View->renderContents()
#17 /Users/faizal/Sites/keenthemes/_releases/metronic_v8.2.1/laravel/metronic_laravel_v8.2.1/starterkit/vendor/laravel/framework/src/Illuminate/Http/Response.php(69): Illuminate\\View\\View->render()
#18 /Users/faizal/Sites/keenthemes/_releases/metronic_v8.2.1/laravel/metronic_laravel_v8.2.1/starterkit/vendor/laravel/framework/src/Illuminate/Http/Response.php(35): Illuminate\\Http\\Response->setContent(Object(Illuminate\\View\\View))
#19 /Users/faizal/Sites/keenthemes/_releases/metronic_v8.2.1/laravel/metronic_laravel_v8.2.1/starterkit/vendor/laravel/framework/src/Illuminate/Routing/Router.php(911): Illuminate\\Http\\Response->__construct(Object(Illuminate\\View\\View), 200, Array)
#20 /Users/faizal/Sites/keenthemes/_releases/metronic_v8.2.1/laravel/metronic_laravel_v8.2.1/starterkit/vendor/laravel/framework/src/Illuminate/Routing/Router.php(878): Illuminate\\Routing\\Router::toResponse(Object(Illuminate\\Http\\Request), Object(Illuminate\\View\\View))
#21 /Users/faizal/Sites/keenthemes/_releases/metronic_v8.2.1/laravel/metronic_laravel_v8.2.1/starterkit/vendor/laravel/framework/src/Illuminate/Routing/Router.php(798): Illuminate\\Routing\\Router->prepareResponse(Object(Illuminate\\Http\\Request), Object(Illuminate\\View\\View))
#22 /Users/faizal/Sites/keenthemes/_releases/metronic_v8.2.1/laravel/metronic_laravel_v8.2.1/starterkit/vendor/laravel/framework/src/Illuminate/Pipeline/Pipeline.php(141): Illuminate\\Routing\\Router->Illuminate\\Routing\\{closure}(Object(Illuminate\\Http\\Request))
#23 /Users/faizal/Sites/keenthemes/_releases/metronic_v8.2.1/laravel/metronic_laravel_v8.2.1/starterkit/app/Http/Middleware/RedirectIfAuthenticated.php(30): Illuminate\\Pipeline\\Pipeline->Illuminate\\Pipeline\\{closure}(Object(Illuminate\\Http\\Request))
#24 /Users/faizal/Sites/keenthemes/_releases/metronic_v8.2.1/laravel/metronic_laravel_v8.2.1/starterkit/vendor/laravel/framework/src/Illuminate/Pipeline/Pipeline.php(180): App\\Http\\Middleware\\RedirectIfAuthenticated->handle(Object(Illuminate\\Http\\Request), Object(Closure))
#25 /Users/faizal/Sites/keenthemes/_releases/metronic_v8.2.1/laravel/metronic_laravel_v8.2.1/starterkit/vendor/laravel/framework/src/Illuminate/Routing/Middleware/SubstituteBindings.php(50): Illuminate\\Pipeline\\Pipeline->Illuminate\\Pipeline\\{closure}(Object(Illuminate\\Http\\Request))
#26 /Users/faizal/Sites/keenthemes/_releases/metronic_v8.2.1/laravel/metronic_laravel_v8.2.1/starterkit/vendor/laravel/framework/src/Illuminate/Pipeline/Pipeline.php(180): Illuminate\\Routing\\Middleware\\SubstituteBindings->handle(Object(Illuminate\\Http\\Request), Object(Closure))
#27 /Users/faizal/Sites/keenthemes/_releases/metronic_v8.2.1/laravel/metronic_laravel_v8.2.1/starterkit/vendor/laravel/framework/src/Illuminate/Foundation/Http/Middleware/VerifyCsrfToken.php(78): Illuminate\\Pipeline\\Pipeline->Illuminate\\Pipeline\\{closure}(Object(Illuminate\\Http\\Request))
#28 /Users/faizal/Sites/keenthemes/_releases/metronic_v8.2.1/laravel/metronic_laravel_v8.2.1/starterkit/vendor/laravel/framework/src/Illuminate/Pipeline/Pipeline.php(180): Illuminate\\Foundation\\Http\\Middleware\\VerifyCsrfToken->handle(Object(Illuminate\\Http\\Request), Object(Closure))
#29 /Users/faizal/Sites/keenthemes/_releases/metronic_v8.2.1/laravel/metronic_laravel_v8.2.1/starterkit/vendor/laravel/framework/src/Illuminate/View/Middleware/ShareErrorsFromSession.php(49): Illuminate\\Pipeline\\Pipeline->Illuminate\\Pipeline\\{closure}(Object(Illuminate\\Http\\Request))
#30 /Users/faizal/Sites/keenthemes/_releases/metronic_v8.2.1/laravel/metronic_laravel_v8.2.1/starterkit/vendor/laravel/framework/src/Illuminate/Pipeline/Pipeline.php(180): Illuminate\\View\\Middleware\\ShareErrorsFromSession->handle(Object(Illuminate\\Http\\Request), Object(Closure))
#31 /Users/faizal/Sites/keenthemes/_releases/metronic_v8.2.1/laravel/metronic_laravel_v8.2.1/starterkit/vendor/laravel/framework/src/Illuminate/Session/Middleware/StartSession.php(121): Illuminate\\Pipeline\\Pipeline->Illuminate\\Pipeline\\{closure}(Object(Illuminate\\Http\\Request))
#32 /Users/faizal/Sites/keenthemes/_releases/metronic_v8.2.1/laravel/metronic_laravel_v8.2.1/starterkit/vendor/laravel/framework/src/Illuminate/Session/Middleware/StartSession.php(64): Illuminate\\Session\\Middleware\\StartSession->handleStatefulRequest(Object(Illuminate\\Http\\Request), Object(Illuminate\\Session\\Store), Object(Closure))
#33 /Users/faizal/Sites/keenthemes/_releases/metronic_v8.2.1/laravel/metronic_laravel_v8.2.1/starterkit/vendor/laravel/framework/src/Illuminate/Pipeline/Pipeline.php(180): Illuminate\\Session\\Middleware\\StartSession->handle(Object(Illuminate\\Http\\Request), Object(Closure))
#34 /Users/faizal/Sites/keenthemes/_releases/metronic_v8.2.1/laravel/metronic_laravel_v8.2.1/starterkit/vendor/laravel/framework/src/Illuminate/Cookie/Middleware/AddQueuedCookiesToResponse.php(37): Illuminate\\Pipeline\\Pipeline->Illuminate\\Pipeline\\{closure}(Object(Illuminate\\Http\\Request))
#35 /Users/faizal/Sites/keenthemes/_releases/metronic_v8.2.1/laravel/metronic_laravel_v8.2.1/starterkit/vendor/laravel/framework/src/Illuminate/Pipeline/Pipeline.php(180): Illuminate\\Cookie\\Middleware\\AddQueuedCookiesToResponse->handle(Object(Illuminate\\Http\\Request), Object(Closure))
#36 /Users/faizal/Sites/keenthemes/_releases/metronic_v8.2.1/laravel/metronic_laravel_v8.2.1/starterkit/vendor/laravel/framework/src/Illuminate/Cookie/Middleware/EncryptCookies.php(67): Illuminate\\Pipeline\\Pipeline->Illuminate\\Pipeline\\{closure}(Object(Illuminate\\Http\\Request))
#37 /Users/faizal/Sites/keenthemes/_releases/metronic_v8.2.1/laravel/metronic_laravel_v8.2.1/starterkit/vendor/laravel/framework/src/Illuminate/Pipeline/Pipeline.php(180): Illuminate\\Cookie\\Middleware\\EncryptCookies->handle(Object(Illuminate\\Http\\Request), Object(Closure))
#38 /Users/faizal/Sites/keenthemes/_releases/metronic_v8.2.1/laravel/metronic_laravel_v8.2.1/starterkit/vendor/laravel/framework/src/Illuminate/Pipeline/Pipeline.php(116): Illuminate\\Pipeline\\Pipeline->Illuminate\\Pipeline\\{closure}(Object(Illuminate\\Http\\Request))
#39 /Users/faizal/Sites/keenthemes/_releases/metronic_v8.2.1/laravel/metronic_laravel_v8.2.1/starterkit/vendor/laravel/framework/src/Illuminate/Routing/Router.php(798): Illuminate\\Pipeline\\Pipeline->then(Object(Closure))
#40 /Users/faizal/Sites/keenthemes/_releases/metronic_v8.2.1/laravel/metronic_laravel_v8.2.1/starterkit/vendor/laravel/framework/src/Illuminate/Routing/Router.php(777): Illuminate\\Routing\\Router->runRouteWithinStack(Object(Illuminate\\Routing\\Route), Object(Illuminate\\Http\\Request))
#41 /Users/faizal/Sites/keenthemes/_releases/metronic_v8.2.1/laravel/metronic_laravel_v8.2.1/starterkit/vendor/laravel/framework/src/Illuminate/Routing/Router.php(741): Illuminate\\Routing\\Router->runRoute(Object(Illuminate\\Http\\Request), Object(Illuminate\\Routing\\Route))
#42 /Users/faizal/Sites/keenthemes/_releases/metronic_v8.2.1/laravel/metronic_laravel_v8.2.1/starterkit/vendor/laravel/framework/src/Illuminate/Routing/Router.php(730): Illuminate\\Routing\\Router->dispatchToRoute(Object(Illuminate\\Http\\Request))
#43 /Users/faizal/Sites/keenthemes/_releases/metronic_v8.2.1/laravel/metronic_laravel_v8.2.1/starterkit/vendor/laravel/framework/src/Illuminate/Foundation/Http/Kernel.php(200): Illuminate\\Routing\\Router->dispatch(Object(Illuminate\\Http\\Request))
#44 /Users/faizal/Sites/keenthemes/_releases/metronic_v8.2.1/laravel/metronic_laravel_v8.2.1/starterkit/vendor/laravel/framework/src/Illuminate/Pipeline/Pipeline.php(141): Illuminate\\Foundation\\Http\\Kernel->Illuminate\\Foundation\\Http\\{closure}(Object(Illuminate\\Http\\Request))
#45 /Users/faizal/Sites/keenthemes/_releases/metronic_v8.2.1/laravel/metronic_laravel_v8.2.1/starterkit/vendor/livewire/livewire/src/DisableBrowserCache.php(19): Illuminate\\Pipeline\\Pipeline->Illuminate\\Pipeline\\{closure}(Object(Illuminate\\Http\\Request))
#46 /Users/faizal/Sites/keenthemes/_releases/metronic_v8.2.1/laravel/metronic_laravel_v8.2.1/starterkit/vendor/laravel/framework/src/Illuminate/Pipeline/Pipeline.php(180): Livewire\\DisableBrowserCache->handle(Object(Illuminate\\Http\\Request), Object(Closure))
#47 /Users/faizal/Sites/keenthemes/_releases/metronic_v8.2.1/laravel/metronic_laravel_v8.2.1/starterkit/vendor/laravel/framework/src/Illuminate/Foundation/Http/Middleware/TransformsRequest.php(21): Illuminate\\Pipeline\\Pipeline->Illuminate\\Pipeline\\{closure}(Object(Illuminate\\Http\\Request))
#48 /Users/faizal/Sites/keenthemes/_releases/metronic_v8.2.1/laravel/metronic_laravel_v8.2.1/starterkit/vendor/laravel/framework/src/Illuminate/Foundation/Http/Middleware/ConvertEmptyStringsToNull.php(31): Illuminate\\Foundation\\Http\\Middleware\\TransformsRequest->handle(Object(Illuminate\\Http\\Request), Object(Closure))
#49 /Users/faizal/Sites/keenthemes/_releases/metronic_v8.2.1/laravel/metronic_laravel_v8.2.1/starterkit/vendor/laravel/framework/src/Illuminate/Pipeline/Pipeline.php(180): Illuminate\\Foundation\\Http\\Middleware\\ConvertEmptyStringsToNull->handle(Object(Illuminate\\Http\\Request), Object(Closure))
#50 /Users/faizal/Sites/keenthemes/_releases/metronic_v8.2.1/laravel/metronic_laravel_v8.2.1/starterkit/vendor/laravel/framework/src/Illuminate/Foundation/Http/Middleware/TransformsRequest.php(21): Illuminate\\Pipeline\\Pipeline->Illuminate\\Pipeline\\{closure}(Object(Illuminate\\Http\\Request))
#51 /Users/faizal/Sites/keenthemes/_releases/metronic_v8.2.1/laravel/metronic_laravel_v8.2.1/starterkit/vendor/laravel/framework/src/Illuminate/Foundation/Http/Middleware/TrimStrings.php(40): Illuminate\\Foundation\\Http\\Middleware\\TransformsRequest->handle(Object(Illuminate\\Http\\Request), Object(Closure))
#52 /Users/faizal/Sites/keenthemes/_releases/metronic_v8.2.1/laravel/metronic_laravel_v8.2.1/starterkit/vendor/laravel/framework/src/Illuminate/Pipeline/Pipeline.php(180): Illuminate\\Foundation\\Http\\Middleware\\TrimStrings->handle(Object(Illuminate\\Http\\Request), Object(Closure))
#53 /Users/faizal/Sites/keenthemes/_releases/metronic_v8.2.1/laravel/metronic_laravel_v8.2.1/starterkit/vendor/laravel/framework/src/Illuminate/Foundation/Http/Middleware/ValidatePostSize.php(27): Illuminate\\Pipeline\\Pipeline->Illuminate\\Pipeline\\{closure}(Object(Illuminate\\Http\\Request))
#54 /Users/faizal/Sites/keenthemes/_releases/metronic_v8.2.1/laravel/metronic_laravel_v8.2.1/starterkit/vendor/laravel/framework/src/Illuminate/Pipeline/Pipeline.php(180): Illuminate\\Foundation\\Http\\Middleware\\ValidatePostSize->handle(Object(Illuminate\\Http\\Request), Object(Closure))
#55 /Users/faizal/Sites/keenthemes/_releases/metronic_v8.2.1/laravel/metronic_laravel_v8.2.1/starterkit/vendor/laravel/framework/src/Illuminate/Foundation/Http/Middleware/PreventRequestsDuringMaintenance.php(99): Illuminate\\Pipeline\\Pipeline->Illuminate\\Pipeline\\{closure}(Object(Illuminate\\Http\\Request))
#56 /Users/faizal/Sites/keenthemes/_releases/metronic_v8.2.1/laravel/metronic_laravel_v8.2.1/starterkit/vendor/laravel/framework/src/Illuminate/Pipeline/Pipeline.php(180): Illuminate\\Foundation\\Http\\Middleware\\PreventRequestsDuringMaintenance->handle(Object(Illuminate\\Http\\Request), Object(Closure))
#57 /Users/faizal/Sites/keenthemes/_releases/metronic_v8.2.1/laravel/metronic_laravel_v8.2.1/starterkit/vendor/laravel/framework/src/Illuminate/Http/Middleware/HandleCors.php(49): Illuminate\\Pipeline\\Pipeline->Illuminate\\Pipeline\\{closure}(Object(Illuminate\\Http\\Request))
#58 /Users/faizal/Sites/keenthemes/_releases/metronic_v8.2.1/laravel/metronic_laravel_v8.2.1/starterkit/vendor/laravel/framework/src/Illuminate/Pipeline/Pipeline.php(180): Illuminate\\Http\\Middleware\\HandleCors->handle(Object(Illuminate\\Http\\Request), Object(Closure))
#59 /Users/faizal/Sites/keenthemes/_releases/metronic_v8.2.1/laravel/metronic_laravel_v8.2.1/starterkit/vendor/laravel/framework/src/Illuminate/Http/Middleware/TrustProxies.php(39): Illuminate\\Pipeline\\Pipeline->Illuminate\\Pipeline\\{closure}(Object(Illuminate\\Http\\Request))
#60 /Users/faizal/Sites/keenthemes/_releases/metronic_v8.2.1/laravel/metronic_laravel_v8.2.1/starterkit/vendor/laravel/framework/src/Illuminate/Pipeline/Pipeline.php(180): Illuminate\\Http\\Middleware\\TrustProxies->handle(Object(Illuminate\\Http\\Request), Object(Closure))
#61 /Users/faizal/Sites/keenthemes/_releases/metronic_v8.2.1/laravel/metronic_laravel_v8.2.1/starterkit/vendor/laravel/framework/src/Illuminate/Pipeline/Pipeline.php(116): Illuminate\\Pipeline\\Pipeline->Illuminate\\Pipeline\\{closure}(Object(Illuminate\\Http\\Request))
#62 /Users/faizal/Sites/keenthemes/_releases/metronic_v8.2.1/laravel/metronic_laravel_v8.2.1/starterkit/vendor/laravel/framework/src/Illuminate/Foundation/Http/Kernel.php(175): Illuminate\\Pipeline\\Pipeline->then(Object(Closure))
#63 /Users/faizal/Sites/keenthemes/_releases/metronic_v8.2.1/laravel/metronic_laravel_v8.2.1/starterkit/vendor/laravel/framework/src/Illuminate/Foundation/Http/Kernel.php(144): Illuminate\\Foundation\\Http\\Kernel->sendRequestThroughRouter(Object(Illuminate\\Http\\Request))
#64 /Users/faizal/Sites/keenthemes/_releases/metronic_v8.2.1/laravel/metronic_laravel_v8.2.1/starterkit/public/index.php(51): Illuminate\\Foundation\\Http\\Kernel->handle(Object(Illuminate\\Http\\Request))
#65 /Users/faizal/Sites/keenthemes/_releases/metronic_v8.2.1/laravel/metronic_laravel_v8.2.1/starterkit/vendor/laravel/framework/src/Illuminate/Foundation/resources/server.php(16): require_once('/Users/faizal/S...')
#66 {main}

[previous exception] [object] (Illuminate\\Contracts\\Container\\BindingResolutionException(code: 0): Target class [App\\Core\\Bootstrap\\Metronic\\Demo1\\BootstrapAuth] does not exist. at /Users/faizal/Sites/keenthemes/_releases/metronic_v8.2.1/laravel/metronic_laravel_v8.2.1/starterkit/vendor/laravel/framework/src/Illuminate/Container/Container.php:914)
[stacktrace]
#0 /Users/faizal/Sites/keenthemes/_releases/metronic_v8.2.1/laravel/metronic_laravel_v8.2.1/starterkit/vendor/laravel/framework/src/Illuminate/Container/Container.php(795): Illuminate\\Container\\Container->build('App\\\\Core\\\\Bootst...')
#1 /Users/faizal/Sites/keenthemes/_releases/metronic_v8.2.1/laravel/metronic_laravel_v8.2.1/starterkit/vendor/laravel/framework/src/Illuminate/Foundation/Application.php(955): Illuminate\\Container\\Container->resolve('App\\\\Core\\\\Bootst...', Array, true)
#2 /Users/faizal/Sites/keenthemes/_releases/metronic_v8.2.1/laravel/metronic_laravel_v8.2.1/starterkit/vendor/laravel/framework/src/Illuminate/Container/Container.php(731): Illuminate\\Foundation\\Application->resolve('App\\\\Core\\\\Bootst...', Array)
#3 /Users/faizal/Sites/keenthemes/_releases/metronic_v8.2.1/laravel/metronic_laravel_v8.2.1/starterkit/vendor/laravel/framework/src/Illuminate/Foundation/Application.php(940): Illuminate\\Container\\Container->make('App\\\\Core\\\\Bootst...', Array)
#4 /Users/faizal/Sites/keenthemes/_releases/metronic_v8.2.1/laravel/metronic_laravel_v8.2.1/starterkit/vendor/laravel/framework/src/Illuminate/Foundation/helpers.php(120): Illuminate\\Foundation\\Application->make('App\\\\Core\\\\Bootst...', Array)
#5 /Users/faizal/Sites/keenthemes/_releases/metronic_v8.2.1/laravel/metronic_laravel_v8.2.1/starterkit/app/View/Components/AuthLayout.php(17): app('App\\\\Core\\\\Bootst...')
#6 /Users/faizal/Sites/keenthemes/_releases/metronic_v8.2.1/laravel/metronic_laravel_v8.2.1/starterkit/vendor/laravel/framework/src/Illuminate/View/Component.php(102): App\\View\\Components\\AuthLayout->__construct()
#7 /Users/faizal/Sites/keenthemes/_releases/metronic_v8.2.1/laravel/metronic_laravel_v8.2.1/starterkit/storage/framework/views/cfb5f37b22f06bf8ca91e337b9585f42.php(2): Illuminate\\View\\Component::resolve(Array)
#8 /Users/faizal/Sites/keenthemes/_releases/metronic_v8.2.1/laravel/metronic_laravel_v8.2.1/starterkit/vendor/laravel/framework/src/Illuminate/Filesystem/Filesystem.php(124): require('/Users/faizal/S...')
#9 /Users/faizal/Sites/keenthemes/_releases/metronic_v8.2.1/laravel/metronic_laravel_v8.2.1/starterkit/vendor/laravel/framework/src/Illuminate/Filesystem/Filesystem.php(125): Illuminate\\Filesystem\\Filesystem::Illuminate\\Filesystem\\{closure}()
#10 /Users/faizal/Sites/keenthemes/_releases/metronic_v8.2.1/laravel/metronic_laravel_v8.2.1/starterkit/vendor/laravel/framework/src/Illuminate/View/Engines/PhpEngine.php(58): Illuminate\\Filesystem\\Filesystem->getRequire('/Users/faizal/S...', Array)
#11 /Users/faizal/Sites/keenthemes/_releases/metronic_v8.2.1/laravel/metronic_laravel_v8.2.1/starterkit/vendor/livewire/livewire/src/ComponentConcerns/RendersLivewireComponents.php(69): Illuminate\\View\\Engines\\PhpEngine->evaluatePath('/Users/faizal/S...', Array)
#12 /Users/faizal/Sites/keenthemes/_releases/metronic_v8.2.1/laravel/metronic_laravel_v8.2.1/starterkit/vendor/laravel/framework/src/Illuminate/View/Engines/CompilerEngine.php(72): Livewire\\LivewireViewCompilerEngine->evaluatePath('/Users/faizal/S...', Array)
#13 /Users/faizal/Sites/keenthemes/_releases/metronic_v8.2.1/laravel/metronic_laravel_v8.2.1/starterkit/vendor/livewire/livewire/src/ComponentConcerns/RendersLivewireComponents.php(35): Illuminate\\View\\Engines\\CompilerEngine->get('/Users/faizal/S...', Array)
#14 /Users/faizal/Sites/keenthemes/_releases/metronic_v8.2.1/laravel/metronic_laravel_v8.2.1/starterkit/vendor/laravel/framework/src/Illuminate/View/View.php(207): Livewire\\LivewireViewCompilerEngine->get('/Users/faizal/S...', Array)
#15 /Users/faizal/Sites/keenthemes/_releases/metronic_v8.2.1/laravel/metronic_laravel_v8.2.1/starterkit/vendor/laravel/framework/src/Illuminate/View/View.php(190): Illuminate\\View\\View->getContents()
#16 /Users/faizal/Sites/keenthemes/_releases/metronic_v8.2.1/laravel/metronic_laravel_v8.2.1/starterkit/vendor/laravel/framework/src/Illuminate/View/View.php(159): Illuminate\\View\\View->renderContents()
#17 /Users/faizal/Sites/keenthemes/_releases/metronic_v8.2.1/laravel/metronic_laravel_v8.2.1/starterkit/vendor/laravel/framework/src/Illuminate/Http/Response.php(69): Illuminate\\View\\View->render()
#18 /Users/faizal/Sites/keenthemes/_releases/metronic_v8.2.1/laravel/metronic_laravel_v8.2.1/starterkit/vendor/laravel/framework/src/Illuminate/Http/Response.php(35): Illuminate\\Http\\Response->setContent(Object(Illuminate\\View\\View))
#19 /Users/faizal/Sites/keenthemes/_releases/metronic_v8.2.1/laravel/metronic_laravel_v8.2.1/starterkit/vendor/laravel/framework/src/Illuminate/Routing/Router.php(911): Illuminate\\Http\\Response->__construct(Object(Illuminate\\View\\View), 200, Array)
#20 /Users/faizal/Sites/keenthemes/_releases/metronic_v8.2.1/laravel/metronic_laravel_v8.2.1/starterkit/vendor/laravel/framework/src/Illuminate/Routing/Router.php(878): Illuminate\\Routing\\Router::toResponse(Object(Illuminate\\Http\\Request), Object(Illuminate\\View\\View))
#21 /Users/faizal/Sites/keenthemes/_releases/metronic_v8.2.1/laravel/metronic_laravel_v8.2.1/starterkit/vendor/laravel/framework/src/Illuminate/Routing/Router.php(798): Illuminate\\Routing\\Router->prepareResponse(Object(Illuminate\\Http\\Request), Object(Illuminate\\View\\View))
#22 /Users/faizal/Sites/keenthemes/_releases/metronic_v8.2.1/laravel/metronic_laravel_v8.2.1/starterkit/vendor/laravel/framework/src/Illuminate/Pipeline/Pipeline.php(141): Illuminate\\Routing\\Router->Illuminate\\Routing\\{closure}(Object(Illuminate\\Http\\Request))
#23 /Users/faizal/Sites/keenthemes/_releases/metronic_v8.2.1/laravel/metronic_laravel_v8.2.1/starterkit/app/Http/Middleware/RedirectIfAuthenticated.php(30): Illuminate\\Pipeline\\Pipeline->Illuminate\\Pipeline\\{closure}(Object(Illuminate\\Http\\Request))
#24 /Users/faizal/Sites/keenthemes/_releases/metronic_v8.2.1/laravel/metronic_laravel_v8.2.1/starterkit/vendor/laravel/framework/src/Illuminate/Pipeline/Pipeline.php(180): App\\Http\\Middleware\\RedirectIfAuthenticated->handle(Object(Illuminate\\Http\\Request), Object(Closure))
#25 /Users/faizal/Sites/keenthemes/_releases/metronic_v8.2.1/laravel/metronic_laravel_v8.2.1/starterkit/vendor/laravel/framework/src/Illuminate/Routing/Middleware/SubstituteBindings.php(50): Illuminate\\Pipeline\\Pipeline->Illuminate\\Pipeline\\{closure}(Object(Illuminate\\Http\\Request))
#26 /Users/faizal/Sites/keenthemes/_releases/metronic_v8.2.1/laravel/metronic_laravel_v8.2.1/starterkit/vendor/laravel/framework/src/Illuminate/Pipeline/Pipeline.php(180): Illuminate\\Routing\\Middleware\\SubstituteBindings->handle(Object(Illuminate\\Http\\Request), Object(Closure))
#27 /Users/faizal/Sites/keenthemes/_releases/metronic_v8.2.1/laravel/metronic_laravel_v8.2.1/starterkit/vendor/laravel/framework/src/Illuminate/Foundation/Http/Middleware/VerifyCsrfToken.php(78): Illuminate\\Pipeline\\Pipeline->Illuminate\\Pipeline\\{closure}(Object(Illuminate\\Http\\Request))
#28 /Users/faizal/Sites/keenthemes/_releases/metronic_v8.2.1/laravel/metronic_laravel_v8.2.1/starterkit/vendor/laravel/framework/src/Illuminate/Pipeline/Pipeline.php(180): Illuminate\\Foundation\\Http\\Middleware\\VerifyCsrfToken->handle(Object(Illuminate\\Http\\Request), Object(Closure))
#29 /Users/faizal/Sites/keenthemes/_releases/metronic_v8.2.1/laravel/metronic_laravel_v8.2.1/starterkit/vendor/laravel/framework/src/Illuminate/View/Middleware/ShareErrorsFromSession.php(49): Illuminate\\Pipeline\\Pipeline->Illuminate\\Pipeline\\{closure}(Object(Illuminate\\Http\\Request))
#30 /Users/faizal/Sites/keenthemes/_releases/metronic_v8.2.1/laravel/metronic_laravel_v8.2.1/starterkit/vendor/laravel/framework/src/Illuminate/Pipeline/Pipeline.php(180): Illuminate\\View\\Middleware\\ShareErrorsFromSession->handle(Object(Illuminate\\Http\\Request), Object(Closure))
#31 /Users/faizal/Sites/keenthemes/_releases/metronic_v8.2.1/laravel/metronic_laravel_v8.2.1/starterkit/vendor/laravel/framework/src/Illuminate/Session/Middleware/StartSession.php(121): Illuminate\\Pipeline\\Pipeline->Illuminate\\Pipeline\\{closure}(Object(Illuminate\\Http\\Request))
#32 /Users/faizal/Sites/keenthemes/_releases/metronic_v8.2.1/laravel/metronic_laravel_v8.2.1/starterkit/vendor/laravel/framework/src/Illuminate/Session/Middleware/StartSession.php(64): Illuminate\\Session\\Middleware\\StartSession->handleStatefulRequest(Object(Illuminate\\Http\\Request), Object(Illuminate\\Session\\Store), Object(Closure))
#33 /Users/faizal/Sites/keenthemes/_releases/metronic_v8.2.1/laravel/metronic_laravel_v8.2.1/starterkit/vendor/laravel/framework/src/Illuminate/Pipeline/Pipeline.php(180): Illuminate\\Session\\Middleware\\StartSession->handle(Object(Illuminate\\Http\\Request), Object(Closure))
#34 /Users/faizal/Sites/keenthemes/_releases/metronic_v8.2.1/laravel/metronic_laravel_v8.2.1/starterkit/vendor/laravel/framework/src/Illuminate/Cookie/Middleware/AddQueuedCookiesToResponse.php(37): Illuminate\\Pipeline\\Pipeline->Illuminate\\Pipeline\\{closure}(Object(Illuminate\\Http\\Request))
#35 /Users/faizal/Sites/keenthemes/_releases/metronic_v8.2.1/laravel/metronic_laravel_v8.2.1/starterkit/vendor/laravel/framework/src/Illuminate/Pipeline/Pipeline.php(180): Illuminate\\Cookie\\Middleware\\AddQueuedCookiesToResponse->handle(Object(Illuminate\\Http\\Request), Object(Closure))
#36 /Users/faizal/Sites/keenthemes/_releases/metronic_v8.2.1/laravel/metronic_laravel_v8.2.1/starterkit/vendor/laravel/framework/src/Illuminate/Cookie/Middleware/EncryptCookies.php(67): Illuminate\\Pipeline\\Pipeline->Illuminate\\Pipeline\\{closure}(Object(Illuminate\\Http\\Request))
#37 /Users/faizal/Sites/keenthemes/_releases/metronic_v8.2.1/laravel/metronic_laravel_v8.2.1/starterkit/vendor/laravel/framework/src/Illuminate/Pipeline/Pipeline.php(180): Illuminate\\Cookie\\Middleware\\EncryptCookies->handle(Object(Illuminate\\Http\\Request), Object(Closure))
#38 /Users/faizal/Sites/keenthemes/_releases/metronic_v8.2.1/laravel/metronic_laravel_v8.2.1/starterkit/vendor/laravel/framework/src/Illuminate/Pipeline/Pipeline.php(116): Illuminate\\Pipeline\\Pipeline->Illuminate\\Pipeline\\{closure}(Object(Illuminate\\Http\\Request))
#39 /Users/faizal/Sites/keenthemes/_releases/metronic_v8.2.1/laravel/metronic_laravel_v8.2.1/starterkit/vendor/laravel/framework/src/Illuminate/Routing/Router.php(798): Illuminate\\Pipeline\\Pipeline->then(Object(Closure))
#40 /Users/faizal/Sites/keenthemes/_releases/metronic_v8.2.1/laravel/metronic_laravel_v8.2.1/starterkit/vendor/laravel/framework/src/Illuminate/Routing/Router.php(777): Illuminate\\Routing\\Router->runRouteWithinStack(Object(Illuminate\\Routing\\Route), Object(Illuminate\\Http\\Request))
#41 /Users/faizal/Sites/keenthemes/_releases/metronic_v8.2.1/laravel/metronic_laravel_v8.2.1/starterkit/vendor/laravel/framework/src/Illuminate/Routing/Router.php(741): Illuminate\\Routing\\Router->runRoute(Object(Illuminate\\Http\\Request), Object(Illuminate\\Routing\\Route))
#42 /Users/faizal/Sites/keenthemes/_releases/metronic_v8.2.1/laravel/metronic_laravel_v8.2.1/starterkit/vendor/laravel/framework/src/Illuminate/Routing/Router.php(730): Illuminate\\Routing\\Router->dispatchToRoute(Object(Illuminate\\Http\\Request))
#43 /Users/faizal/Sites/keenthemes/_releases/metronic_v8.2.1/laravel/metronic_laravel_v8.2.1/starterkit/vendor/laravel/framework/src/Illuminate/Foundation/Http/Kernel.php(200): Illuminate\\Routing\\Router->dispatch(Object(Illuminate\\Http\\Request))
#44 /Users/faizal/Sites/keenthemes/_releases/metronic_v8.2.1/laravel/metronic_laravel_v8.2.1/starterkit/vendor/laravel/framework/src/Illuminate/Pipeline/Pipeline.php(141): Illuminate\\Foundation\\Http\\Kernel->Illuminate\\Foundation\\Http\\{closure}(Object(Illuminate\\Http\\Request))
#45 /Users/faizal/Sites/keenthemes/_releases/metronic_v8.2.1/laravel/metronic_laravel_v8.2.1/starterkit/vendor/livewire/livewire/src/DisableBrowserCache.php(19): Illuminate\\Pipeline\\Pipeline->Illuminate\\Pipeline\\{closure}(Object(Illuminate\\Http\\Request))
#46 /Users/faizal/Sites/keenthemes/_releases/metronic_v8.2.1/laravel/metronic_laravel_v8.2.1/starterkit/vendor/laravel/framework/src/Illuminate/Pipeline/Pipeline.php(180): Livewire\\DisableBrowserCache->handle(Object(Illuminate\\Http\\Request), Object(Closure))
#47 /Users/faizal/Sites/keenthemes/_releases/metronic_v8.2.1/laravel/metronic_laravel_v8.2.1/starterkit/vendor/laravel/framework/src/Illuminate/Foundation/Http/Middleware/TransformsRequest.php(21): Illuminate\\Pipeline\\Pipeline->Illuminate\\Pipeline\\{closure}(Object(Illuminate\\Http\\Request))
#48 /Users/faizal/Sites/keenthemes/_releases/metronic_v8.2.1/laravel/metronic_laravel_v8.2.1/starterkit/vendor/laravel/framework/src/Illuminate/Foundation/Http/Middleware/ConvertEmptyStringsToNull.php(31): Illuminate\\Foundation\\Http\\Middleware\\TransformsRequest->handle(Object(Illuminate\\Http\\Request), Object(Closure))
#49 /Users/faizal/Sites/keenthemes/_releases/metronic_v8.2.1/laravel/metronic_laravel_v8.2.1/starterkit/vendor/laravel/framework/src/Illuminate/Pipeline/Pipeline.php(180): Illuminate\\Foundation\\Http\\Middleware\\ConvertEmptyStringsToNull->handle(Object(Illuminate\\Http\\Request), Object(Closure))
#50 /Users/faizal/Sites/keenthemes/_releases/metronic_v8.2.1/laravel/metronic_laravel_v8.2.1/starterkit/vendor/laravel/framework/src/Illuminate/Foundation/Http/Middleware/TransformsRequest.php(21): Illuminate\\Pipeline\\Pipeline->Illuminate\\Pipeline\\{closure}(Object(Illuminate\\Http\\Request))
#51 /Users/faizal/Sites/keenthemes/_releases/metronic_v8.2.1/laravel/metronic_laravel_v8.2.1/starterkit/vendor/laravel/framework/src/Illuminate/Foundation/Http/Middleware/TrimStrings.php(40): Illuminate\\Foundation\\Http\\Middleware\\TransformsRequest->handle(Object(Illuminate\\Http\\Request), Object(Closure))
#52 /Users/faizal/Sites/keenthemes/_releases/metronic_v8.2.1/laravel/metronic_laravel_v8.2.1/starterkit/vendor/laravel/framework/src/Illuminate/Pipeline/Pipeline.php(180): Illuminate\\Foundation\\Http\\Middleware\\TrimStrings->handle(Object(Illuminate\\Http\\Request), Object(Closure))
#53 /Users/faizal/Sites/keenthemes/_releases/metronic_v8.2.1/laravel/metronic_laravel_v8.2.1/starterkit/vendor/laravel/framework/src/Illuminate/Foundation/Http/Middleware/ValidatePostSize.php(27): Illuminate\\Pipeline\\Pipeline->Illuminate\\Pipeline\\{closure}(Object(Illuminate\\Http\\Request))
#54 /Users/faizal/Sites/keenthemes/_releases/metronic_v8.2.1/laravel/metronic_laravel_v8.2.1/starterkit/vendor/laravel/framework/src/Illuminate/Pipeline/Pipeline.php(180): Illuminate\\Foundation\\Http\\Middleware\\ValidatePostSize->handle(Object(Illuminate\\Http\\Request), Object(Closure))
#55 /Users/faizal/Sites/keenthemes/_releases/metronic_v8.2.1/laravel/metronic_laravel_v8.2.1/starterkit/vendor/laravel/framework/src/Illuminate/Foundation/Http/Middleware/PreventRequestsDuringMaintenance.php(99): Illuminate\\Pipeline\\Pipeline->Illuminate\\Pipeline\\{closure}(Object(Illuminate\\Http\\Request))
#56 /Users/faizal/Sites/keenthemes/_releases/metronic_v8.2.1/laravel/metronic_laravel_v8.2.1/starterkit/vendor/laravel/framework/src/Illuminate/Pipeline/Pipeline.php(180): Illuminate\\Foundation\\Http\\Middleware\\PreventRequestsDuringMaintenance->handle(Object(Illuminate\\Http\\Request), Object(Closure))
#57 /Users/faizal/Sites/keenthemes/_releases/metronic_v8.2.1/laravel/metronic_laravel_v8.2.1/starterkit/vendor/laravel/framework/src/Illuminate/Http/Middleware/HandleCors.php(49): Illuminate\\Pipeline\\Pipeline->Illuminate\\Pipeline\\{closure}(Object(Illuminate\\Http\\Request))
#58 /Users/faizal/Sites/keenthemes/_releases/metronic_v8.2.1/laravel/metronic_laravel_v8.2.1/starterkit/vendor/laravel/framework/src/Illuminate/Pipeline/Pipeline.php(180): Illuminate\\Http\\Middleware\\HandleCors->handle(Object(Illuminate\\Http\\Request), Object(Closure))
#59 /Users/faizal/Sites/keenthemes/_releases/metronic_v8.2.1/laravel/metronic_laravel_v8.2.1/starterkit/vendor/laravel/framework/src/Illuminate/Http/Middleware/TrustProxies.php(39): Illuminate\\Pipeline\\Pipeline->Illuminate\\Pipeline\\{closure}(Object(Illuminate\\Http\\Request))
#60 /Users/faizal/Sites/keenthemes/_releases/metronic_v8.2.1/laravel/metronic_laravel_v8.2.1/starterkit/vendor/laravel/framework/src/Illuminate/Pipeline/Pipeline.php(180): Illuminate\\Http\\Middleware\\TrustProxies->handle(Object(Illuminate\\Http\\Request), Object(Closure))
#61 /Users/faizal/Sites/keenthemes/_releases/metronic_v8.2.1/laravel/metronic_laravel_v8.2.1/starterkit/vendor/laravel/framework/src/Illuminate/Pipeline/Pipeline.php(116): Illuminate\\Pipeline\\Pipeline->Illuminate\\Pipeline\\{closure}(Object(Illuminate\\Http\\Request))
#62 /Users/faizal/Sites/keenthemes/_releases/metronic_v8.2.1/laravel/metronic_laravel_v8.2.1/starterkit/vendor/laravel/framework/src/Illuminate/Foundation/Http/Kernel.php(175): Illuminate\\Pipeline\\Pipeline->then(Object(Closure))
#63 /Users/faizal/Sites/keenthemes/_releases/metronic_v8.2.1/laravel/metronic_laravel_v8.2.1/starterkit/vendor/laravel/framework/src/Illuminate/Foundation/Http/Kernel.php(144): Illuminate\\Foundation\\Http\\Kernel->sendRequestThroughRouter(Object(Illuminate\\Http\\Request))
#64 /Users/faizal/Sites/keenthemes/_releases/metronic_v8.2.1/laravel/metronic_laravel_v8.2.1/starterkit/public/index.php(51): Illuminate\\Foundation\\Http\\Kernel->handle(Object(Illuminate\\Http\\Request))
#65 /Users/faizal/Sites/keenthemes/_releases/metronic_v8.2.1/laravel/metronic_laravel_v8.2.1/starterkit/vendor/laravel/framework/src/Illuminate/Foundation/resources/server.php(16): require_once('/Users/faizal/S...')
#66 {main}

[previous exception] [object] (ReflectionException(code: -1): Class \"App\\Core\\Bootstrap\\Metronic\\Demo1\\BootstrapAuth\" does not exist at /Users/faizal/Sites/keenthemes/_releases/metronic_v8.2.1/laravel/metronic_laravel_v8.2.1/starterkit/vendor/laravel/framework/src/Illuminate/Container/Container.php:912)
[stacktrace]
#0 /Users/faizal/Sites/keenthemes/_releases/metronic_v8.2.1/laravel/metronic_laravel_v8.2.1/starterkit/vendor/laravel/framework/src/Illuminate/Container/Container.php(912): ReflectionClass->__construct('App\\\\Core\\\\Bootst...')
#1 /Users/faizal/Sites/keenthemes/_releases/metronic_v8.2.1/laravel/metronic_laravel_v8.2.1/starterkit/vendor/laravel/framework/src/Illuminate/Container/Container.php(795): Illuminate\\Container\\Container->build('App\\\\Core\\\\Bootst...')
#2 /Users/faizal/Sites/keenthemes/_releases/metronic_v8.2.1/laravel/metronic_laravel_v8.2.1/starterkit/vendor/laravel/framework/src/Illuminate/Foundation/Application.php(955): Illuminate\\Container\\Container->resolve('App\\\\Core\\\\Bootst...', Array, true)
#3 /Users/faizal/Sites/keenthemes/_releases/metronic_v8.2.1/laravel/metronic_laravel_v8.2.1/starterkit/vendor/laravel/framework/src/Illuminate/Container/Container.php(731): Illuminate\\Foundation\\Application->resolve('App\\\\Core\\\\Bootst...', Array)
#4 /Users/faizal/Sites/keenthemes/_releases/metronic_v8.2.1/laravel/metronic_laravel_v8.2.1/starterkit/vendor/laravel/framework/src/Illuminate/Foundation/Application.php(940): Illuminate\\Container\\Container->make('App\\\\Core\\\\Bootst...', Array)
#5 /Users/faizal/Sites/keenthemes/_releases/metronic_v8.2.1/laravel/metronic_laravel_v8.2.1/starterkit/vendor/laravel/framework/src/Illuminate/Foundation/helpers.php(120): Illuminate\\Foundation\\Application->make('App\\\\Core\\\\Bootst...', Array)
#6 /Users/faizal/Sites/keenthemes/_releases/metronic_v8.2.1/laravel/metronic_laravel_v8.2.1/starterkit/app/View/Components/AuthLayout.php(17): app('App\\\\Core\\\\Bootst...')
#7 /Users/faizal/Sites/keenthemes/_releases/metronic_v8.2.1/laravel/metronic_laravel_v8.2.1/starterkit/vendor/laravel/framework/src/Illuminate/View/Component.php(102): App\\View\\Components\\AuthLayout->__construct()
#8 /Users/faizal/Sites/keenthemes/_releases/metronic_v8.2.1/laravel/metronic_laravel_v8.2.1/starterkit/storage/framework/views/cfb5f37b22f06bf8ca91e337b9585f42.php(2): Illuminate\\View\\Component::resolve(Array)
#9 /Users/faizal/Sites/keenthemes/_releases/metronic_v8.2.1/laravel/metronic_laravel_v8.2.1/starterkit/vendor/laravel/framework/src/Illuminate/Filesystem/Filesystem.php(124): require('/Users/faizal/S...')
#10 /Users/faizal/Sites/keenthemes/_releases/metronic_v8.2.1/laravel/metronic_laravel_v8.2.1/starterkit/vendor/laravel/framework/src/Illuminate/Filesystem/Filesystem.php(125): Illuminate\\Filesystem\\Filesystem::Illuminate\\Filesystem\\{closure}()
#11 /Users/faizal/Sites/keenthemes/_releases/metronic_v8.2.1/laravel/metronic_laravel_v8.2.1/starterkit/vendor/laravel/framework/src/Illuminate/View/Engines/PhpEngine.php(58): Illuminate\\Filesystem\\Filesystem->getRequire('/Users/faizal/S...', Array)
#12 /Users/faizal/Sites/keenthemes/_releases/metronic_v8.2.1/laravel/metronic_laravel_v8.2.1/starterkit/vendor/livewire/livewire/src/ComponentConcerns/RendersLivewireComponents.php(69): Illuminate\\View\\Engines\\PhpEngine->evaluatePath('/Users/faizal/S...', Array)
#13 /Users/faizal/Sites/keenthemes/_releases/metronic_v8.2.1/laravel/metronic_laravel_v8.2.1/starterkit/vendor/laravel/framework/src/Illuminate/View/Engines/CompilerEngine.php(72): Livewire\\LivewireViewCompilerEngine->evaluatePath('/Users/faizal/S...', Array)
#14 /Users/faizal/Sites/keenthemes/_releases/metronic_v8.2.1/laravel/metronic_laravel_v8.2.1/starterkit/vendor/livewire/livewire/src/ComponentConcerns/RendersLivewireComponents.php(35): Illuminate\\View\\Engines\\CompilerEngine->get('/Users/faizal/S...', Array)
#15 /Users/faizal/Sites/keenthemes/_releases/metronic_v8.2.1/laravel/metronic_laravel_v8.2.1/starterkit/vendor/laravel/framework/src/Illuminate/View/View.php(207): Livewire\\LivewireViewCompilerEngine->get('/Users/faizal/S...', Array)
#16 /Users/faizal/Sites/keenthemes/_releases/metronic_v8.2.1/laravel/metronic_laravel_v8.2.1/starterkit/vendor/laravel/framework/src/Illuminate/View/View.php(190): Illuminate\\View\\View->getContents()
#17 /Users/faizal/Sites/keenthemes/_releases/metronic_v8.2.1/laravel/metronic_laravel_v8.2.1/starterkit/vendor/laravel/framework/src/Illuminate/View/View.php(159): Illuminate\\View\\View->renderContents()
#18 /Users/faizal/Sites/keenthemes/_releases/metronic_v8.2.1/laravel/metronic_laravel_v8.2.1/starterkit/vendor/laravel/framework/src/Illuminate/Http/Response.php(69): Illuminate\\View\\View->render()
#19 /Users/faizal/Sites/keenthemes/_releases/metronic_v8.2.1/laravel/metronic_laravel_v8.2.1/starterkit/vendor/laravel/framework/src/Illuminate/Http/Response.php(35): Illuminate\\Http\\Response->setContent(Object(Illuminate\\View\\View))
#20 /Users/faizal/Sites/keenthemes/_releases/metronic_v8.2.1/laravel/metronic_laravel_v8.2.1/starterkit/vendor/laravel/framework/src/Illuminate/Routing/Router.php(911): Illuminate\\Http\\Response->__construct(Object(Illuminate\\View\\View), 200, Array)
#21 /Users/faizal/Sites/keenthemes/_releases/metronic_v8.2.1/laravel/metronic_laravel_v8.2.1/starterkit/vendor/laravel/framework/src/Illuminate/Routing/Router.php(878): Illuminate\\Routing\\Router::toResponse(Object(Illuminate\\Http\\Request), Object(Illuminate\\View\\View))
#22 /Users/faizal/Sites/keenthemes/_releases/metronic_v8.2.1/laravel/metronic_laravel_v8.2.1/starterkit/vendor/laravel/framework/src/Illuminate/Routing/Router.php(798): Illuminate\\Routing\\Router->prepareResponse(Object(Illuminate\\Http\\Request), Object(Illuminate\\View\\View))
#23 /Users/faizal/Sites/keenthemes/_releases/metronic_v8.2.1/laravel/metronic_laravel_v8.2.1/starterkit/vendor/laravel/framework/src/Illuminate/Pipeline/Pipeline.php(141): Illuminate\\Routing\\Router->Illuminate\\Routing\\{closure}(Object(Illuminate\\Http\\Request))
#24 /Users/faizal/Sites/keenthemes/_releases/metronic_v8.2.1/laravel/metronic_laravel_v8.2.1/starterkit/app/Http/Middleware/RedirectIfAuthenticated.php(30): Illuminate\\Pipeline\\Pipeline->Illuminate\\Pipeline\\{closure}(Object(Illuminate\\Http\\Request))
#25 /Users/faizal/Sites/keenthemes/_releases/metronic_v8.2.1/laravel/metronic_laravel_v8.2.1/starterkit/vendor/laravel/framework/src/Illuminate/Pipeline/Pipeline.php(180): App\\Http\\Middleware\\RedirectIfAuthenticated->handle(Object(Illuminate\\Http\\Request), Object(Closure))
#26 /Users/faizal/Sites/keenthemes/_releases/metronic_v8.2.1/laravel/metronic_laravel_v8.2.1/starterkit/vendor/laravel/framework/src/Illuminate/Routing/Middleware/SubstituteBindings.php(50): Illuminate\\Pipeline\\Pipeline->Illuminate\\Pipeline\\{closure}(Object(Illuminate\\Http\\Request))
#27 /Users/faizal/Sites/keenthemes/_releases/metronic_v8.2.1/laravel/metronic_laravel_v8.2.1/starterkit/vendor/laravel/framework/src/Illuminate/Pipeline/Pipeline.php(180): Illuminate\\Routing\\Middleware\\SubstituteBindings->handle(Object(Illuminate\\Http\\Request), Object(Closure))
#28 /Users/faizal/Sites/keenthemes/_releases/metronic_v8.2.1/laravel/metronic_laravel_v8.2.1/starterkit/vendor/laravel/framework/src/Illuminate/Foundation/Http/Middleware/VerifyCsrfToken.php(78): Illuminate\\Pipeline\\Pipeline->Illuminate\\Pipeline\\{closure}(Object(Illuminate\\Http\\Request))
#29 /Users/faizal/Sites/keenthemes/_releases/metronic_v8.2.1/laravel/metronic_laravel_v8.2.1/starterkit/vendor/laravel/framework/src/Illuminate/Pipeline/Pipeline.php(180): Illuminate\\Foundation\\Http\\Middleware\\VerifyCsrfToken->handle(Object(Illuminate\\Http\\Request), Object(Closure))
#30 /Users/faizal/Sites/keenthemes/_releases/metronic_v8.2.1/laravel/metronic_laravel_v8.2.1/starterkit/vendor/laravel/framework/src/Illuminate/View/Middleware/ShareErrorsFromSession.php(49): Illuminate\\Pipeline\\Pipeline->Illuminate\\Pipeline\\{closure}(Object(Illuminate\\Http\\Request))
#31 /Users/faizal/Sites/keenthemes/_releases/metronic_v8.2.1/laravel/metronic_laravel_v8.2.1/starterkit/vendor/laravel/framework/src/Illuminate/Pipeline/Pipeline.php(180): Illuminate\\View\\Middleware\\ShareErrorsFromSession->handle(Object(Illuminate\\Http\\Request), Object(Closure))
#32 /Users/faizal/Sites/keenthemes/_releases/metronic_v8.2.1/laravel/metronic_laravel_v8.2.1/starterkit/vendor/laravel/framework/src/Illuminate/Session/Middleware/StartSession.php(121): Illuminate\\Pipeline\\Pipeline->Illuminate\\Pipeline\\{closure}(Object(Illuminate\\Http\\Request))
#33 /Users/faizal/Sites/keenthemes/_releases/metronic_v8.2.1/laravel/metronic_laravel_v8.2.1/starterkit/vendor/laravel/framework/src/Illuminate/Session/Middleware/StartSession.php(64): Illuminate\\Session\\Middleware\\StartSession->handleStatefulRequest(Object(Illuminate\\Http\\Request), Object(Illuminate\\Session\\Store), Object(Closure))
#34 /Users/faizal/Sites/keenthemes/_releases/metronic_v8.2.1/laravel/metronic_laravel_v8.2.1/starterkit/vendor/laravel/framework/src/Illuminate/Pipeline/Pipeline.php(180): Illuminate\\Session\\Middleware\\StartSession->handle(Object(Illuminate\\Http\\Request), Object(Closure))
#35 /Users/faizal/Sites/keenthemes/_releases/metronic_v8.2.1/laravel/metronic_laravel_v8.2.1/starterkit/vendor/laravel/framework/src/Illuminate/Cookie/Middleware/AddQueuedCookiesToResponse.php(37): Illuminate\\Pipeline\\Pipeline->Illuminate\\Pipeline\\{closure}(Object(Illuminate\\Http\\Request))
#36 /Users/faizal/Sites/keenthemes/_releases/metronic_v8.2.1/laravel/metronic_laravel_v8.2.1/starterkit/vendor/laravel/framework/src/Illuminate/Pipeline/Pipeline.php(180): Illuminate\\Cookie\\Middleware\\AddQueuedCookiesToResponse->handle(Object(Illuminate\\Http\\Request), Object(Closure))
#37 /Users/faizal/Sites/keenthemes/_releases/metronic_v8.2.1/laravel/metronic_laravel_v8.2.1/starterkit/vendor/laravel/framework/src/Illuminate/Cookie/Middleware/EncryptCookies.php(67): Illuminate\\Pipeline\\Pipeline->Illuminate\\Pipeline\\{closure}(Object(Illuminate\\Http\\Request))
#38 /Users/faizal/Sites/keenthemes/_releases/metronic_v8.2.1/laravel/metronic_laravel_v8.2.1/starterkit/vendor/laravel/framework/src/Illuminate/Pipeline/Pipeline.php(180): Illuminate\\Cookie\\Middleware\\EncryptCookies->handle(Object(Illuminate\\Http\\Request), Object(Closure))
#39 /Users/faizal/Sites/keenthemes/_releases/metronic_v8.2.1/laravel/metronic_laravel_v8.2.1/starterkit/vendor/laravel/framework/src/Illuminate/Pipeline/Pipeline.php(116): Illuminate\\Pipeline\\Pipeline->Illuminate\\Pipeline\\{closure}(Object(Illuminate\\Http\\Request))
#40 /Users/faizal/Sites/keenthemes/_releases/metronic_v8.2.1/laravel/metronic_laravel_v8.2.1/starterkit/vendor/laravel/framework/src/Illuminate/Routing/Router.php(798): Illuminate\\Pipeline\\Pipeline->then(Object(Closure))
#41 /Users/faizal/Sites/keenthemes/_releases/metronic_v8.2.1/laravel/metronic_laravel_v8.2.1/starterkit/vendor/laravel/framework/src/Illuminate/Routing/Router.php(777): Illuminate\\Routing\\Router->runRouteWithinStack(Object(Illuminate\\Routing\\Route), Object(Illuminate\\Http\\Request))
#42 /Users/faizal/Sites/keenthemes/_releases/metronic_v8.2.1/laravel/metronic_laravel_v8.2.1/starterkit/vendor/laravel/framework/src/Illuminate/Routing/Router.php(741): Illuminate\\Routing\\Router->runRoute(Object(Illuminate\\Http\\Request), Object(Illuminate\\Routing\\Route))
#43 /Users/faizal/Sites/keenthemes/_releases/metronic_v8.2.1/laravel/metronic_laravel_v8.2.1/starterkit/vendor/laravel/framework/src/Illuminate/Routing/Router.php(730): Illuminate\\Routing\\Router->dispatchToRoute(Object(Illuminate\\Http\\Request))
#44 /Users/faizal/Sites/keenthemes/_releases/metronic_v8.2.1/laravel/metronic_laravel_v8.2.1/starterkit/vendor/laravel/framework/src/Illuminate/Foundation/Http/Kernel.php(200): Illuminate\\Routing\\Router->dispatch(Object(Illuminate\\Http\\Request))
#45 /Users/faizal/Sites/keenthemes/_releases/metronic_v8.2.1/laravel/metronic_laravel_v8.2.1/starterkit/vendor/laravel/framework/src/Illuminate/Pipeline/Pipeline.php(141): Illuminate\\Foundation\\Http\\Kernel->Illuminate\\Foundation\\Http\\{closure}(Object(Illuminate\\Http\\Request))
#46 /Users/faizal/Sites/keenthemes/_releases/metronic_v8.2.1/laravel/metronic_laravel_v8.2.1/starterkit/vendor/livewire/livewire/src/DisableBrowserCache.php(19): Illuminate\\Pipeline\\Pipeline->Illuminate\\Pipeline\\{closure}(Object(Illuminate\\Http\\Request))
#47 /Users/faizal/Sites/keenthemes/_releases/metronic_v8.2.1/laravel/metronic_laravel_v8.2.1/starterkit/vendor/laravel/framework/src/Illuminate/Pipeline/Pipeline.php(180): Livewire\\DisableBrowserCache->handle(Object(Illuminate\\Http\\Request), Object(Closure))
#48 /Users/faizal/Sites/keenthemes/_releases/metronic_v8.2.1/laravel/metronic_laravel_v8.2.1/starterkit/vendor/laravel/framework/src/Illuminate/Foundation/Http/Middleware/TransformsRequest.php(21): Illuminate\\Pipeline\\Pipeline->Illuminate\\Pipeline\\{closure}(Object(Illuminate\\Http\\Request))
#49 /Users/faizal/Sites/keenthemes/_releases/metronic_v8.2.1/laravel/metronic_laravel_v8.2.1/starterkit/vendor/laravel/framework/src/Illuminate/Foundation/Http/Middleware/ConvertEmptyStringsToNull.php(31): Illuminate\\Foundation\\Http\\Middleware\\TransformsRequest->handle(Object(Illuminate\\Http\\Request), Object(Closure))
#50 /Users/faizal/Sites/keenthemes/_releases/metronic_v8.2.1/laravel/metronic_laravel_v8.2.1/starterkit/vendor/laravel/framework/src/Illuminate/Pipeline/Pipeline.php(180): Illuminate\\Foundation\\Http\\Middleware\\ConvertEmptyStringsToNull->handle(Object(Illuminate\\Http\\Request), Object(Closure))
#51 /Users/faizal/Sites/keenthemes/_releases/metronic_v8.2.1/laravel/metronic_laravel_v8.2.1/starterkit/vendor/laravel/framework/src/Illuminate/Foundation/Http/Middleware/TransformsRequest.php(21): Illuminate\\Pipeline\\Pipeline->Illuminate\\Pipeline\\{closure}(Object(Illuminate\\Http\\Request))
#52 /Users/faizal/Sites/keenthemes/_releases/metronic_v8.2.1/laravel/metronic_laravel_v8.2.1/starterkit/vendor/laravel/framework/src/Illuminate/Foundation/Http/Middleware/TrimStrings.php(40): Illuminate\\Foundation\\Http\\Middleware\\TransformsRequest->handle(Object(Illuminate\\Http\\Request), Object(Closure))
#53 /Users/faizal/Sites/keenthemes/_releases/metronic_v8.2.1/laravel/metronic_laravel_v8.2.1/starterkit/vendor/laravel/framework/src/Illuminate/Pipeline/Pipeline.php(180): Illuminate\\Foundation\\Http\\Middleware\\TrimStrings->handle(Object(Illuminate\\Http\\Request), Object(Closure))
#54 /Users/faizal/Sites/keenthemes/_releases/metronic_v8.2.1/laravel/metronic_laravel_v8.2.1/starterkit/vendor/laravel/framework/src/Illuminate/Foundation/Http/Middleware/ValidatePostSize.php(27): Illuminate\\Pipeline\\Pipeline->Illuminate\\Pipeline\\{closure}(Object(Illuminate\\Http\\Request))
#55 /Users/faizal/Sites/keenthemes/_releases/metronic_v8.2.1/laravel/metronic_laravel_v8.2.1/starterkit/vendor/laravel/framework/src/Illuminate/Pipeline/Pipeline.php(180): Illuminate\\Foundation\\Http\\Middleware\\ValidatePostSize->handle(Object(Illuminate\\Http\\Request), Object(Closure))
#56 /Users/faizal/Sites/keenthemes/_releases/metronic_v8.2.1/laravel/metronic_laravel_v8.2.1/starterkit/vendor/laravel/framework/src/Illuminate/Foundation/Http/Middleware/PreventRequestsDuringMaintenance.php(99): Illuminate\\Pipeline\\Pipeline->Illuminate\\Pipeline\\{closure}(Object(Illuminate\\Http\\Request))
#57 /Users/faizal/Sites/keenthemes/_releases/metronic_v8.2.1/laravel/metronic_laravel_v8.2.1/starterkit/vendor/laravel/framework/src/Illuminate/Pipeline/Pipeline.php(180): Illuminate\\Foundation\\Http\\Middleware\\PreventRequestsDuringMaintenance->handle(Object(Illuminate\\Http\\Request), Object(Closure))
#58 /Users/faizal/Sites/keenthemes/_releases/metronic_v8.2.1/laravel/metronic_laravel_v8.2.1/starterkit/vendor/laravel/framework/src/Illuminate/Http/Middleware/HandleCors.php(49): Illuminate\\Pipeline\\Pipeline->Illuminate\\Pipeline\\{closure}(Object(Illuminate\\Http\\Request))
#59 /Users/faizal/Sites/keenthemes/_releases/metronic_v8.2.1/laravel/metronic_laravel_v8.2.1/starterkit/vendor/laravel/framework/src/Illuminate/Pipeline/Pipeline.php(180): Illuminate\\Http\\Middleware\\HandleCors->handle(Object(Illuminate\\Http\\Request), Object(Closure))
#60 /Users/faizal/Sites/keenthemes/_releases/metronic_v8.2.1/laravel/metronic_laravel_v8.2.1/starterkit/vendor/laravel/framework/src/Illuminate/Http/Middleware/TrustProxies.php(39): Illuminate\\Pipeline\\Pipeline->Illuminate\\Pipeline\\{closure}(Object(Illuminate\\Http\\Request))
#61 /Users/faizal/Sites/keenthemes/_releases/metronic_v8.2.1/laravel/metronic_laravel_v8.2.1/starterkit/vendor/laravel/framework/src/Illuminate/Pipeline/Pipeline.php(180): Illuminate\\Http\\Middleware\\TrustProxies->handle(Object(Illuminate\\Http\\Request), Object(Closure))
#62 /Users/faizal/Sites/keenthemes/_releases/metronic_v8.2.1/laravel/metronic_laravel_v8.2.1/starterkit/vendor/laravel/framework/src/Illuminate/Pipeline/Pipeline.php(116): Illuminate\\Pipeline\\Pipeline->Illuminate\\Pipeline\\{closure}(Object(Illuminate\\Http\\Request))
#63 /Users/faizal/Sites/keenthemes/_releases/metronic_v8.2.1/laravel/metronic_laravel_v8.2.1/starterkit/vendor/laravel/framework/src/Illuminate/Foundation/Http/Kernel.php(175): Illuminate\\Pipeline\\Pipeline->then(Object(Closure))
#64 /Users/faizal/Sites/keenthemes/_releases/metronic_v8.2.1/laravel/metronic_laravel_v8.2.1/starterkit/vendor/laravel/framework/src/Illuminate/Foundation/Http/Kernel.php(144): Illuminate\\Foundation\\Http\\Kernel->sendRequestThroughRouter(Object(Illuminate\\Http\\Request))
#65 /Users/faizal/Sites/keenthemes/_releases/metronic_v8.2.1/laravel/metronic_laravel_v8.2.1/starterkit/public/index.php(51): Illuminate\\Foundation\\Http\\Kernel->handle(Object(Illuminate\\Http\\Request))
#66 /Users/faizal/Sites/keenthemes/_releases/metronic_v8.2.1/laravel/metronic_laravel_v8.2.1/starterkit/vendor/laravel/framework/src/Illuminate/Foundation/resources/server.php(16): require_once('/Users/faizal/S...')
#67 {main}
"} 
[2023-11-22 07:47:31] local.ERROR: SQLSTATE[HY000] [1045] Access denied for user 'root'@'localhost' (using password: NO) (Connection: mysql, SQL: select * from `users` where `email` = demo@demo.com limit 1) {"exception":"[object] (Illuminate\\Database\\QueryException(code: 1045): SQLSTATE[HY000] [1045] Access denied for user 'root'@'localhost' (using password: NO) (Connection: mysql, SQL: select * from `users` where `email` = demo@demo.com limit 1) at /Users/faizal/Sites/keenthemes/_releases/metronic_v8.2.1/laravel/metronic_laravel_v8.2.1/starterkit/vendor/laravel/framework/src/Illuminate/Database/Connection.php:822)
[stacktrace]
#0 /Users/faizal/Sites/keenthemes/_releases/metronic_v8.2.1/laravel/metronic_laravel_v8.2.1/starterkit/vendor/laravel/framework/src/Illuminate/Database/Connection.php(776): Illuminate\\Database\\Connection->runQueryCallback('select * from `...', Array, Object(Closure))
#1 /Users/faizal/Sites/keenthemes/_releases/metronic_v8.2.1/laravel/metronic_laravel_v8.2.1/starterkit/vendor/laravel/framework/src/Illuminate/Database/Connection.php(407): Illuminate\\Database\\Connection->run('select * from `...', Array, Object(Closure))
#2 /Users/faizal/Sites/keenthemes/_releases/metronic_v8.2.1/laravel/metronic_laravel_v8.2.1/starterkit/vendor/laravel/framework/src/Illuminate/Database/Query/Builder.php(2751): Illuminate\\Database\\Connection->select('select * from `...', Array, true)
#3 /Users/faizal/Sites/keenthemes/_releases/metronic_v8.2.1/laravel/metronic_laravel_v8.2.1/starterkit/vendor/laravel/framework/src/Illuminate/Database/Query/Builder.php(2740): Illuminate\\Database\\Query\\Builder->runSelect()
#4 /Users/faizal/Sites/keenthemes/_releases/metronic_v8.2.1/laravel/metronic_laravel_v8.2.1/starterkit/vendor/laravel/framework/src/Illuminate/Database/Query/Builder.php(3294): Illuminate\\Database\\Query\\Builder->Illuminate\\Database\\Query\\{closure}()
#5 /Users/faizal/Sites/keenthemes/_releases/metronic_v8.2.1/laravel/metronic_laravel_v8.2.1/starterkit/vendor/laravel/framework/src/Illuminate/Database/Query/Builder.php(2739): Illuminate\\Database\\Query\\Builder->onceWithColumns(Array, Object(Closure))
#6 /Users/faizal/Sites/keenthemes/_releases/metronic_v8.2.1/laravel/metronic_laravel_v8.2.1/starterkit/vendor/laravel/framework/src/Illuminate/Database/Eloquent/Builder.php(737): Illuminate\\Database\\Query\\Builder->get(Array)
#7 /Users/faizal/Sites/keenthemes/_releases/metronic_v8.2.1/laravel/metronic_laravel_v8.2.1/starterkit/vendor/laravel/framework/src/Illuminate/Database/Eloquent/Builder.php(721): Illuminate\\Database\\Eloquent\\Builder->getModels(Array)
#8 /Users/faizal/Sites/keenthemes/_releases/metronic_v8.2.1/laravel/metronic_laravel_v8.2.1/starterkit/vendor/laravel/framework/src/Illuminate/Database/Concerns/BuildsQueries.php(333): Illuminate\\Database\\Eloquent\\Builder->get(Array)
#9 /Users/faizal/Sites/keenthemes/_releases/metronic_v8.2.1/laravel/metronic_laravel_v8.2.1/starterkit/vendor/laravel/framework/src/Illuminate/Auth/EloquentUserProvider.php(139): Illuminate\\Database\\Eloquent\\Builder->first()
#10 /Users/faizal/Sites/keenthemes/_releases/metronic_v8.2.1/laravel/metronic_laravel_v8.2.1/starterkit/vendor/laravel/framework/src/Illuminate/Auth/SessionGuard.php(381): Illuminate\\Auth\\EloquentUserProvider->retrieveByCredentials(Array)
#11 /Users/faizal/Sites/keenthemes/_releases/metronic_v8.2.1/laravel/metronic_laravel_v8.2.1/starterkit/vendor/laravel/framework/src/Illuminate/Auth/AuthManager.php(340): Illuminate\\Auth\\SessionGuard->attempt(Array, false)
#12 /Users/faizal/Sites/keenthemes/_releases/metronic_v8.2.1/laravel/metronic_laravel_v8.2.1/starterkit/vendor/laravel/framework/src/Illuminate/Support/Facades/Facade.php(353): Illuminate\\Auth\\AuthManager->__call('attempt', Array)
#13 /Users/faizal/Sites/keenthemes/_releases/metronic_v8.2.1/laravel/metronic_laravel_v8.2.1/starterkit/app/Http/Requests/Auth/LoginRequest.php(48): Illuminate\\Support\\Facades\\Facade::__callStatic('attempt', Array)
#14 /Users/faizal/Sites/keenthemes/_releases/metronic_v8.2.1/laravel/metronic_laravel_v8.2.1/starterkit/app/Http/Controllers/Auth/AuthenticatedSessionController.php(35): App\\Http\\Requests\\Auth\\LoginRequest->authenticate()
#15 /Users/faizal/Sites/keenthemes/_releases/metronic_v8.2.1/laravel/metronic_laravel_v8.2.1/starterkit/vendor/laravel/framework/src/Illuminate/Routing/Controller.php(54): App\\Http\\Controllers\\Auth\\AuthenticatedSessionController->store(Object(App\\Http\\Requests\\Auth\\LoginRequest))
#16 /Users/faizal/Sites/keenthemes/_releases/metronic_v8.2.1/laravel/metronic_laravel_v8.2.1/starterkit/vendor/laravel/framework/src/Illuminate/Routing/ControllerDispatcher.php(43): Illuminate\\Routing\\Controller->callAction('store', Array)
#17 /Users/faizal/Sites/keenthemes/_releases/metronic_v8.2.1/laravel/metronic_laravel_v8.2.1/starterkit/vendor/laravel/framework/src/Illuminate/Routing/Route.php(259): Illuminate\\Routing\\ControllerDispatcher->dispatch(Object(Illuminate\\Routing\\Route), Object(App\\Http\\Controllers\\Auth\\AuthenticatedSessionController), 'store')
#18 /Users/faizal/Sites/keenthemes/_releases/metronic_v8.2.1/laravel/metronic_laravel_v8.2.1/starterkit/vendor/laravel/framework/src/Illuminate/Routing/Route.php(205): Illuminate\\Routing\\Route->runController()
#19 /Users/faizal/Sites/keenthemes/_releases/metronic_v8.2.1/laravel/metronic_laravel_v8.2.1/starterkit/vendor/laravel/framework/src/Illuminate/Routing/Router.php(799): Illuminate\\Routing\\Route->run()
#20 /Users/faizal/Sites/keenthemes/_releases/metronic_v8.2.1/laravel/metronic_laravel_v8.2.1/starterkit/vendor/laravel/framework/src/Illuminate/Pipeline/Pipeline.php(141): Illuminate\\Routing\\Router->Illuminate\\Routing\\{closure}(Object(Illuminate\\Http\\Request))
#21 /Users/faizal/Sites/keenthemes/_releases/metronic_v8.2.1/laravel/metronic_laravel_v8.2.1/starterkit/app/Http/Middleware/RedirectIfAuthenticated.php(30): Illuminate\\Pipeline\\Pipeline->Illuminate\\Pipeline\\{closure}(Object(Illuminate\\Http\\Request))
#22 /Users/faizal/Sites/keenthemes/_releases/metronic_v8.2.1/laravel/metronic_laravel_v8.2.1/starterkit/vendor/laravel/framework/src/Illuminate/Pipeline/Pipeline.php(180): App\\Http\\Middleware\\RedirectIfAuthenticated->handle(Object(Illuminate\\Http\\Request), Object(Closure))
#23 /Users/faizal/Sites/keenthemes/_releases/metronic_v8.2.1/laravel/metronic_laravel_v8.2.1/starterkit/vendor/laravel/framework/src/Illuminate/Routing/Middleware/SubstituteBindings.php(50): Illuminate\\Pipeline\\Pipeline->Illuminate\\Pipeline\\{closure}(Object(Illuminate\\Http\\Request))
#24 /Users/faizal/Sites/keenthemes/_releases/metronic_v8.2.1/laravel/metronic_laravel_v8.2.1/starterkit/vendor/laravel/framework/src/Illuminate/Pipeline/Pipeline.php(180): Illuminate\\Routing\\Middleware\\SubstituteBindings->handle(Object(Illuminate\\Http\\Request), Object(Closure))
#25 /Users/faizal/Sites/keenthemes/_releases/metronic_v8.2.1/laravel/metronic_laravel_v8.2.1/starterkit/vendor/laravel/framework/src/Illuminate/Foundation/Http/Middleware/VerifyCsrfToken.php(78): Illuminate\\Pipeline\\Pipeline->Illuminate\\Pipeline\\{closure}(Object(Illuminate\\Http\\Request))
#26 /Users/faizal/Sites/keenthemes/_releases/metronic_v8.2.1/laravel/metronic_laravel_v8.2.1/starterkit/vendor/laravel/framework/src/Illuminate/Pipeline/Pipeline.php(180): Illuminate\\Foundation\\Http\\Middleware\\VerifyCsrfToken->handle(Object(Illuminate\\Http\\Request), Object(Closure))
#27 /Users/faizal/Sites/keenthemes/_releases/metronic_v8.2.1/laravel/metronic_laravel_v8.2.1/starterkit/vendor/laravel/framework/src/Illuminate/View/Middleware/ShareErrorsFromSession.php(49): Illuminate\\Pipeline\\Pipeline->Illuminate\\Pipeline\\{closure}(Object(Illuminate\\Http\\Request))
#28 /Users/faizal/Sites/keenthemes/_releases/metronic_v8.2.1/laravel/metronic_laravel_v8.2.1/starterkit/vendor/laravel/framework/src/Illuminate/Pipeline/Pipeline.php(180): Illuminate\\View\\Middleware\\ShareErrorsFromSession->handle(Object(Illuminate\\Http\\Request), Object(Closure))
#29 /Users/faizal/Sites/keenthemes/_releases/metronic_v8.2.1/laravel/metronic_laravel_v8.2.1/starterkit/vendor/laravel/framework/src/Illuminate/Session/Middleware/StartSession.php(121): Illuminate\\Pipeline\\Pipeline->Illuminate\\Pipeline\\{closure}(Object(Illuminate\\Http\\Request))
#30 /Users/faizal/Sites/keenthemes/_releases/metronic_v8.2.1/laravel/metronic_laravel_v8.2.1/starterkit/vendor/laravel/framework/src/Illuminate/Session/Middleware/StartSession.php(64): Illuminate\\Session\\Middleware\\StartSession->handleStatefulRequest(Object(Illuminate\\Http\\Request), Object(Illuminate\\Session\\Store), Object(Closure))
#31 /Users/faizal/Sites/keenthemes/_releases/metronic_v8.2.1/laravel/metronic_laravel_v8.2.1/starterkit/vendor/laravel/framework/src/Illuminate/Pipeline/Pipeline.php(180): Illuminate\\Session\\Middleware\\StartSession->handle(Object(Illuminate\\Http\\Request), Object(Closure))
#32 /Users/faizal/Sites/keenthemes/_releases/metronic_v8.2.1/laravel/metronic_laravel_v8.2.1/starterkit/vendor/laravel/framework/src/Illuminate/Cookie/Middleware/AddQueuedCookiesToResponse.php(37): Illuminate\\Pipeline\\Pipeline->Illuminate\\Pipeline\\{closure}(Object(Illuminate\\Http\\Request))
#33 /Users/faizal/Sites/keenthemes/_releases/metronic_v8.2.1/laravel/metronic_laravel_v8.2.1/starterkit/vendor/laravel/framework/src/Illuminate/Pipeline/Pipeline.php(180): Illuminate\\Cookie\\Middleware\\AddQueuedCookiesToResponse->handle(Object(Illuminate\\Http\\Request), Object(Closure))
#34 /Users/faizal/Sites/keenthemes/_releases/metronic_v8.2.1/laravel/metronic_laravel_v8.2.1/starterkit/vendor/laravel/framework/src/Illuminate/Cookie/Middleware/EncryptCookies.php(67): Illuminate\\Pipeline\\Pipeline->Illuminate\\Pipeline\\{closure}(Object(Illuminate\\Http\\Request))
#35 /Users/faizal/Sites/keenthemes/_releases/metronic_v8.2.1/laravel/metronic_laravel_v8.2.1/starterkit/vendor/laravel/framework/src/Illuminate/Pipeline/Pipeline.php(180): Illuminate\\Cookie\\Middleware\\EncryptCookies->handle(Object(Illuminate\\Http\\Request), Object(Closure))
#36 /Users/faizal/Sites/keenthemes/_releases/metronic_v8.2.1/laravel/metronic_laravel_v8.2.1/starterkit/vendor/laravel/framework/src/Illuminate/Pipeline/Pipeline.php(116): Illuminate\\Pipeline\\Pipeline->Illuminate\\Pipeline\\{closure}(Object(Illuminate\\Http\\Request))
#37 /Users/faizal/Sites/keenthemes/_releases/metronic_v8.2.1/laravel/metronic_laravel_v8.2.1/starterkit/vendor/laravel/framework/src/Illuminate/Routing/Router.php(798): Illuminate\\Pipeline\\Pipeline->then(Object(Closure))
#38 /Users/faizal/Sites/keenthemes/_releases/metronic_v8.2.1/laravel/metronic_laravel_v8.2.1/starterkit/vendor/laravel/framework/src/Illuminate/Routing/Router.php(777): Illuminate\\Routing\\Router->runRouteWithinStack(Object(Illuminate\\Routing\\Route), Object(Illuminate\\Http\\Request))
#39 /Users/faizal/Sites/keenthemes/_releases/metronic_v8.2.1/laravel/metronic_laravel_v8.2.1/starterkit/vendor/laravel/framework/src/Illuminate/Routing/Router.php(741): Illuminate\\Routing\\Router->runRoute(Object(Illuminate\\Http\\Request), Object(Illuminate\\Routing\\Route))
#40 /Users/faizal/Sites/keenthemes/_releases/metronic_v8.2.1/laravel/metronic_laravel_v8.2.1/starterkit/vendor/laravel/framework/src/Illuminate/Routing/Router.php(730): Illuminate\\Routing\\Router->dispatchToRoute(Object(Illuminate\\Http\\Request))
#41 /Users/faizal/Sites/keenthemes/_releases/metronic_v8.2.1/laravel/metronic_laravel_v8.2.1/starterkit/vendor/laravel/framework/src/Illuminate/Foundation/Http/Kernel.php(200): Illuminate\\Routing\\Router->dispatch(Object(Illuminate\\Http\\Request))
#42 /Users/faizal/Sites/keenthemes/_releases/metronic_v8.2.1/laravel/metronic_laravel_v8.2.1/starterkit/vendor/laravel/framework/src/Illuminate/Pipeline/Pipeline.php(141): Illuminate\\Foundation\\Http\\Kernel->Illuminate\\Foundation\\Http\\{closure}(Object(Illuminate\\Http\\Request))
#43 /Users/faizal/Sites/keenthemes/_releases/metronic_v8.2.1/laravel/metronic_laravel_v8.2.1/starterkit/vendor/livewire/livewire/src/DisableBrowserCache.php(19): Illuminate\\Pipeline\\Pipeline->Illuminate\\Pipeline\\{closure}(Object(Illuminate\\Http\\Request))
#44 /Users/faizal/Sites/keenthemes/_releases/metronic_v8.2.1/laravel/metronic_laravel_v8.2.1/starterkit/vendor/laravel/framework/src/Illuminate/Pipeline/Pipeline.php(180): Livewire\\DisableBrowserCache->handle(Object(Illuminate\\Http\\Request), Object(Closure))
#45 /Users/faizal/Sites/keenthemes/_releases/metronic_v8.2.1/laravel/metronic_laravel_v8.2.1/starterkit/vendor/laravel/framework/src/Illuminate/Foundation/Http/Middleware/TransformsRequest.php(21): Illuminate\\Pipeline\\Pipeline->Illuminate\\Pipeline\\{closure}(Object(Illuminate\\Http\\Request))
#46 /Users/faizal/Sites/keenthemes/_releases/metronic_v8.2.1/laravel/metronic_laravel_v8.2.1/starterkit/vendor/laravel/framework/src/Illuminate/Foundation/Http/Middleware/ConvertEmptyStringsToNull.php(31): Illuminate\\Foundation\\Http\\Middleware\\TransformsRequest->handle(Object(Illuminate\\Http\\Request), Object(Closure))
#47 /Users/faizal/Sites/keenthemes/_releases/metronic_v8.2.1/laravel/metronic_laravel_v8.2.1/starterkit/vendor/laravel/framework/src/Illuminate/Pipeline/Pipeline.php(180): Illuminate\\Foundation\\Http\\Middleware\\ConvertEmptyStringsToNull->handle(Object(Illuminate\\Http\\Request), Object(Closure))
#48 /Users/faizal/Sites/keenthemes/_releases/metronic_v8.2.1/laravel/metronic_laravel_v8.2.1/starterkit/vendor/laravel/framework/src/Illuminate/Foundation/Http/Middleware/TransformsRequest.php(21): Illuminate\\Pipeline\\Pipeline->Illuminate\\Pipeline\\{closure}(Object(Illuminate\\Http\\Request))
#49 /Users/faizal/Sites/keenthemes/_releases/metronic_v8.2.1/laravel/metronic_laravel_v8.2.1/starterkit/vendor/laravel/framework/src/Illuminate/Foundation/Http/Middleware/TrimStrings.php(40): Illuminate\\Foundation\\Http\\Middleware\\TransformsRequest->handle(Object(Illuminate\\Http\\Request), Object(Closure))
#50 /Users/faizal/Sites/keenthemes/_releases/metronic_v8.2.1/laravel/metronic_laravel_v8.2.1/starterkit/vendor/laravel/framework/src/Illuminate/Pipeline/Pipeline.php(180): Illuminate\\Foundation\\Http\\Middleware\\TrimStrings->handle(Object(Illuminate\\Http\\Request), Object(Closure))
#51 /Users/faizal/Sites/keenthemes/_releases/metronic_v8.2.1/laravel/metronic_laravel_v8.2.1/starterkit/vendor/laravel/framework/src/Illuminate/Foundation/Http/Middleware/ValidatePostSize.php(27): Illuminate\\Pipeline\\Pipeline->Illuminate\\Pipeline\\{closure}(Object(Illuminate\\Http\\Request))
#52 /Users/faizal/Sites/keenthemes/_releases/metronic_v8.2.1/laravel/metronic_laravel_v8.2.1/starterkit/vendor/laravel/framework/src/Illuminate/Pipeline/Pipeline.php(180): Illuminate\\Foundation\\Http\\Middleware\\ValidatePostSize->handle(Object(Illuminate\\Http\\Request), Object(Closure))
#53 /Users/faizal/Sites/keenthemes/_releases/metronic_v8.2.1/laravel/metronic_laravel_v8.2.1/starterkit/vendor/laravel/framework/src/Illuminate/Foundation/Http/Middleware/PreventRequestsDuringMaintenance.php(99): Illuminate\\Pipeline\\Pipeline->Illuminate\\Pipeline\\{closure}(Object(Illuminate\\Http\\Request))
#54 /Users/faizal/Sites/keenthemes/_releases/metronic_v8.2.1/laravel/metronic_laravel_v8.2.1/starterkit/vendor/laravel/framework/src/Illuminate/Pipeline/Pipeline.php(180): Illuminate\\Foundation\\Http\\Middleware\\PreventRequestsDuringMaintenance->handle(Object(Illuminate\\Http\\Request), Object(Closure))
#55 /Users/faizal/Sites/keenthemes/_releases/metronic_v8.2.1/laravel/metronic_laravel_v8.2.1/starterkit/vendor/laravel/framework/src/Illuminate/Http/Middleware/HandleCors.php(49): Illuminate\\Pipeline\\Pipeline->Illuminate\\Pipeline\\{closure}(Object(Illuminate\\Http\\Request))
#56 /Users/faizal/Sites/keenthemes/_releases/metronic_v8.2.1/laravel/metronic_laravel_v8.2.1/starterkit/vendor/laravel/framework/src/Illuminate/Pipeline/Pipeline.php(180): Illuminate\\Http\\Middleware\\HandleCors->handle(Object(Illuminate\\Http\\Request), Object(Closure))
#57 /Users/faizal/Sites/keenthemes/_releases/metronic_v8.2.1/laravel/metronic_laravel_v8.2.1/starterkit/vendor/laravel/framework/src/Illuminate/Http/Middleware/TrustProxies.php(39): Illuminate\\Pipeline\\Pipeline->Illuminate\\Pipeline\\{closure}(Object(Illuminate\\Http\\Request))
#58 /Users/faizal/Sites/keenthemes/_releases/metronic_v8.2.1/laravel/metronic_laravel_v8.2.1/starterkit/vendor/laravel/framework/src/Illuminate/Pipeline/Pipeline.php(180): Illuminate\\Http\\Middleware\\TrustProxies->handle(Object(Illuminate\\Http\\Request), Object(Closure))
#59 /Users/faizal/Sites/keenthemes/_releases/metronic_v8.2.1/laravel/metronic_laravel_v8.2.1/starterkit/vendor/laravel/framework/src/Illuminate/Pipeline/Pipeline.php(116): Illuminate\\Pipeline\\Pipeline->Illuminate\\Pipeline\\{closure}(Object(Illuminate\\Http\\Request))
#60 /Users/faizal/Sites/keenthemes/_releases/metronic_v8.2.1/laravel/metronic_laravel_v8.2.1/starterkit/vendor/laravel/framework/src/Illuminate/Foundation/Http/Kernel.php(175): Illuminate\\Pipeline\\Pipeline->then(Object(Closure))
#61 /Users/faizal/Sites/keenthemes/_releases/metronic_v8.2.1/laravel/metronic_laravel_v8.2.1/starterkit/vendor/laravel/framework/src/Illuminate/Foundation/Http/Kernel.php(144): Illuminate\\Foundation\\Http\\Kernel->sendRequestThroughRouter(Object(Illuminate\\Http\\Request))
#62 /Users/faizal/Sites/keenthemes/_releases/metronic_v8.2.1/laravel/metronic_laravel_v8.2.1/starterkit/public/index.php(51): Illuminate\\Foundation\\Http\\Kernel->handle(Object(Illuminate\\Http\\Request))
#63 /Users/faizal/Sites/keenthemes/_releases/metronic_v8.2.1/laravel/metronic_laravel_v8.2.1/starterkit/vendor/laravel/framework/src/Illuminate/Foundation/resources/server.php(16): require_once('/Users/faizal/S...')
#64 {main}

[previous exception] [object] (PDOException(code: 1045): SQLSTATE[HY000] [1045] Access denied for user 'root'@'localhost' (using password: NO) at /Users/faizal/Sites/keenthemes/_releases/metronic_v8.2.1/laravel/metronic_laravel_v8.2.1/starterkit/vendor/laravel/framework/src/Illuminate/Database/Connectors/Connector.php:65)
[stacktrace]
#0 /Users/faizal/Sites/keenthemes/_releases/metronic_v8.2.1/laravel/metronic_laravel_v8.2.1/starterkit/vendor/laravel/framework/src/Illuminate/Database/Connectors/Connector.php(65): PDO->__construct('mysql:host=127....', 'root', Object(SensitiveParameterValue), Array)
#1 /Users/faizal/Sites/keenthemes/_releases/metronic_v8.2.1/laravel/metronic_laravel_v8.2.1/starterkit/vendor/laravel/framework/src/Illuminate/Database/Connectors/Connector.php(44): Illuminate\\Database\\Connectors\\Connector->createPdoConnection('mysql:host=127....', 'root', '', Array)
#2 /Users/faizal/Sites/keenthemes/_releases/metronic_v8.2.1/laravel/metronic_laravel_v8.2.1/starterkit/vendor/laravel/framework/src/Illuminate/Database/Connectors/MySqlConnector.php(24): Illuminate\\Database\\Connectors\\Connector->createConnection('mysql:host=127....', Array, Array)
#3 /Users/faizal/Sites/keenthemes/_releases/metronic_v8.2.1/laravel/metronic_laravel_v8.2.1/starterkit/vendor/laravel/framework/src/Illuminate/Database/Connectors/ConnectionFactory.php(184): Illuminate\\Database\\Connectors\\MySqlConnector->connect(Array)
#4 [internal function]: Illuminate\\Database\\Connectors\\ConnectionFactory->Illuminate\\Database\\Connectors\\{closure}()
#5 /Users/faizal/Sites/keenthemes/_releases/metronic_v8.2.1/laravel/metronic_laravel_v8.2.1/starterkit/vendor/laravel/framework/src/Illuminate/Database/Connection.php(1319): call_user_func(Object(Closure))
#6 /Users/faizal/Sites/keenthemes/_releases/metronic_v8.2.1/laravel/metronic_laravel_v8.2.1/starterkit/vendor/laravel/framework/src/Illuminate/Database/Connection.php(1355): Illuminate\\Database\\Connection->getPdo()
#7 /Users/faizal/Sites/keenthemes/_releases/metronic_v8.2.1/laravel/metronic_laravel_v8.2.1/starterkit/vendor/laravel/framework/src/Illuminate/Database/Connection.php(521): Illuminate\\Database\\Connection->getReadPdo()
#8 /Users/faizal/Sites/keenthemes/_releases/metronic_v8.2.1/laravel/metronic_laravel_v8.2.1/starterkit/vendor/laravel/framework/src/Illuminate/Database/Connection.php(416): Illuminate\\Database\\Connection->getPdoForSelect(true)
#9 /Users/faizal/Sites/keenthemes/_releases/metronic_v8.2.1/laravel/metronic_laravel_v8.2.1/starterkit/vendor/laravel/framework/src/Illuminate/Database/Connection.php(809): Illuminate\\Database\\Connection->Illuminate\\Database\\{closure}('select * from `...', Array)
#10 /Users/faizal/Sites/keenthemes/_releases/metronic_v8.2.1/laravel/metronic_laravel_v8.2.1/starterkit/vendor/laravel/framework/src/Illuminate/Database/Connection.php(776): Illuminate\\Database\\Connection->runQueryCallback('select * from `...', Array, Object(Closure))
#11 /Users/faizal/Sites/keenthemes/_releases/metronic_v8.2.1/laravel/metronic_laravel_v8.2.1/starterkit/vendor/laravel/framework/src/Illuminate/Database/Connection.php(407): Illuminate\\Database\\Connection->run('select * from `...', Array, Object(Closure))
#12 /Users/faizal/Sites/keenthemes/_releases/metronic_v8.2.1/laravel/metronic_laravel_v8.2.1/starterkit/vendor/laravel/framework/src/Illuminate/Database/Query/Builder.php(2751): Illuminate\\Database\\Connection->select('select * from `...', Array, true)
#13 /Users/faizal/Sites/keenthemes/_releases/metronic_v8.2.1/laravel/metronic_laravel_v8.2.1/starterkit/vendor/laravel/framework/src/Illuminate/Database/Query/Builder.php(2740): Illuminate\\Database\\Query\\Builder->runSelect()
#14 /Users/faizal/Sites/keenthemes/_releases/metronic_v8.2.1/laravel/metronic_laravel_v8.2.1/starterkit/vendor/laravel/framework/src/Illuminate/Database/Query/Builder.php(3294): Illuminate\\Database\\Query\\Builder->Illuminate\\Database\\Query\\{closure}()
#15 /Users/faizal/Sites/keenthemes/_releases/metronic_v8.2.1/laravel/metronic_laravel_v8.2.1/starterkit/vendor/laravel/framework/src/Illuminate/Database/Query/Builder.php(2739): Illuminate\\Database\\Query\\Builder->onceWithColumns(Array, Object(Closure))
#16 /Users/faizal/Sites/keenthemes/_releases/metronic_v8.2.1/laravel/metronic_laravel_v8.2.1/starterkit/vendor/laravel/framework/src/Illuminate/Database/Eloquent/Builder.php(737): Illuminate\\Database\\Query\\Builder->get(Array)
#17 /Users/faizal/Sites/keenthemes/_releases/metronic_v8.2.1/laravel/metronic_laravel_v8.2.1/starterkit/vendor/laravel/framework/src/Illuminate/Database/Eloquent/Builder.php(721): Illuminate\\Database\\Eloquent\\Builder->getModels(Array)
#18 /Users/faizal/Sites/keenthemes/_releases/metronic_v8.2.1/laravel/metronic_laravel_v8.2.1/starterkit/vendor/laravel/framework/src/Illuminate/Database/Concerns/BuildsQueries.php(333): Illuminate\\Database\\Eloquent\\Builder->get(Array)
#19 /Users/faizal/Sites/keenthemes/_releases/metronic_v8.2.1/laravel/metronic_laravel_v8.2.1/starterkit/vendor/laravel/framework/src/Illuminate/Auth/EloquentUserProvider.php(139): Illuminate\\Database\\Eloquent\\Builder->first()
#20 /Users/faizal/Sites/keenthemes/_releases/metronic_v8.2.1/laravel/metronic_laravel_v8.2.1/starterkit/vendor/laravel/framework/src/Illuminate/Auth/SessionGuard.php(381): Illuminate\\Auth\\EloquentUserProvider->retrieveByCredentials(Array)
#21 /Users/faizal/Sites/keenthemes/_releases/metronic_v8.2.1/laravel/metronic_laravel_v8.2.1/starterkit/vendor/laravel/framework/src/Illuminate/Auth/AuthManager.php(340): Illuminate\\Auth\\SessionGuard->attempt(Array, false)
#22 /Users/faizal/Sites/keenthemes/_releases/metronic_v8.2.1/laravel/metronic_laravel_v8.2.1/starterkit/vendor/laravel/framework/src/Illuminate/Support/Facades/Facade.php(353): Illuminate\\Auth\\AuthManager->__call('attempt', Array)
#23 /Users/faizal/Sites/keenthemes/_releases/metronic_v8.2.1/laravel/metronic_laravel_v8.2.1/starterkit/app/Http/Requests/Auth/LoginRequest.php(48): Illuminate\\Support\\Facades\\Facade::__callStatic('attempt', Array)
#24 /Users/faizal/Sites/keenthemes/_releases/metronic_v8.2.1/laravel/metronic_laravel_v8.2.1/starterkit/app/Http/Controllers/Auth/AuthenticatedSessionController.php(35): App\\Http\\Requests\\Auth\\LoginRequest->authenticate()
#25 /Users/faizal/Sites/keenthemes/_releases/metronic_v8.2.1/laravel/metronic_laravel_v8.2.1/starterkit/vendor/laravel/framework/src/Illuminate/Routing/Controller.php(54): App\\Http\\Controllers\\Auth\\AuthenticatedSessionController->store(Object(App\\Http\\Requests\\Auth\\LoginRequest))
#26 /Users/faizal/Sites/keenthemes/_releases/metronic_v8.2.1/laravel/metronic_laravel_v8.2.1/starterkit/vendor/laravel/framework/src/Illuminate/Routing/ControllerDispatcher.php(43): Illuminate\\Routing\\Controller->callAction('store', Array)
#27 /Users/faizal/Sites/keenthemes/_releases/metronic_v8.2.1/laravel/metronic_laravel_v8.2.1/starterkit/vendor/laravel/framework/src/Illuminate/Routing/Route.php(259): Illuminate\\Routing\\ControllerDispatcher->dispatch(Object(Illuminate\\Routing\\Route), Object(App\\Http\\Controllers\\Auth\\AuthenticatedSessionController), 'store')
#28 /Users/faizal/Sites/keenthemes/_releases/metronic_v8.2.1/laravel/metronic_laravel_v8.2.1/starterkit/vendor/laravel/framework/src/Illuminate/Routing/Route.php(205): Illuminate\\Routing\\Route->runController()
#29 /Users/faizal/Sites/keenthemes/_releases/metronic_v8.2.1/laravel/metronic_laravel_v8.2.1/starterkit/vendor/laravel/framework/src/Illuminate/Routing/Router.php(799): Illuminate\\Routing\\Route->run()
#30 /Users/faizal/Sites/keenthemes/_releases/metronic_v8.2.1/laravel/metronic_laravel_v8.2.1/starterkit/vendor/laravel/framework/src/Illuminate/Pipeline/Pipeline.php(141): Illuminate\\Routing\\Router->Illuminate\\Routing\\{closure}(Object(Illuminate\\Http\\Request))
#31 /Users/faizal/Sites/keenthemes/_releases/metronic_v8.2.1/laravel/metronic_laravel_v8.2.1/starterkit/app/Http/Middleware/RedirectIfAuthenticated.php(30): Illuminate\\Pipeline\\Pipeline->Illuminate\\Pipeline\\{closure}(Object(Illuminate\\Http\\Request))
#32 /Users/faizal/Sites/keenthemes/_releases/metronic_v8.2.1/laravel/metronic_laravel_v8.2.1/starterkit/vendor/laravel/framework/src/Illuminate/Pipeline/Pipeline.php(180): App\\Http\\Middleware\\RedirectIfAuthenticated->handle(Object(Illuminate\\Http\\Request), Object(Closure))
#33 /Users/faizal/Sites/keenthemes/_releases/metronic_v8.2.1/laravel/metronic_laravel_v8.2.1/starterkit/vendor/laravel/framework/src/Illuminate/Routing/Middleware/SubstituteBindings.php(50): Illuminate\\Pipeline\\Pipeline->Illuminate\\Pipeline\\{closure}(Object(Illuminate\\Http\\Request))
#34 /Users/faizal/Sites/keenthemes/_releases/metronic_v8.2.1/laravel/metronic_laravel_v8.2.1/starterkit/vendor/laravel/framework/src/Illuminate/Pipeline/Pipeline.php(180): Illuminate\\Routing\\Middleware\\SubstituteBindings->handle(Object(Illuminate\\Http\\Request), Object(Closure))
#35 /Users/faizal/Sites/keenthemes/_releases/metronic_v8.2.1/laravel/metronic_laravel_v8.2.1/starterkit/vendor/laravel/framework/src/Illuminate/Foundation/Http/Middleware/VerifyCsrfToken.php(78): Illuminate\\Pipeline\\Pipeline->Illuminate\\Pipeline\\{closure}(Object(Illuminate\\Http\\Request))
#36 /Users/faizal/Sites/keenthemes/_releases/metronic_v8.2.1/laravel/metronic_laravel_v8.2.1/starterkit/vendor/laravel/framework/src/Illuminate/Pipeline/Pipeline.php(180): Illuminate\\Foundation\\Http\\Middleware\\VerifyCsrfToken->handle(Object(Illuminate\\Http\\Request), Object(Closure))
#37 /Users/faizal/Sites/keenthemes/_releases/metronic_v8.2.1/laravel/metronic_laravel_v8.2.1/starterkit/vendor/laravel/framework/src/Illuminate/View/Middleware/ShareErrorsFromSession.php(49): Illuminate\\Pipeline\\Pipeline->Illuminate\\Pipeline\\{closure}(Object(Illuminate\\Http\\Request))
#38 /Users/faizal/Sites/keenthemes/_releases/metronic_v8.2.1/laravel/metronic_laravel_v8.2.1/starterkit/vendor/laravel/framework/src/Illuminate/Pipeline/Pipeline.php(180): Illuminate\\View\\Middleware\\ShareErrorsFromSession->handle(Object(Illuminate\\Http\\Request), Object(Closure))
#39 /Users/faizal/Sites/keenthemes/_releases/metronic_v8.2.1/laravel/metronic_laravel_v8.2.1/starterkit/vendor/laravel/framework/src/Illuminate/Session/Middleware/StartSession.php(121): Illuminate\\Pipeline\\Pipeline->Illuminate\\Pipeline\\{closure}(Object(Illuminate\\Http\\Request))
#40 /Users/faizal/Sites/keenthemes/_releases/metronic_v8.2.1/laravel/metronic_laravel_v8.2.1/starterkit/vendor/laravel/framework/src/Illuminate/Session/Middleware/StartSession.php(64): Illuminate\\Session\\Middleware\\StartSession->handleStatefulRequest(Object(Illuminate\\Http\\Request), Object(Illuminate\\Session\\Store), Object(Closure))
#41 /Users/faizal/Sites/keenthemes/_releases/metronic_v8.2.1/laravel/metronic_laravel_v8.2.1/starterkit/vendor/laravel/framework/src/Illuminate/Pipeline/Pipeline.php(180): Illuminate\\Session\\Middleware\\StartSession->handle(Object(Illuminate\\Http\\Request), Object(Closure))
#42 /Users/faizal/Sites/keenthemes/_releases/metronic_v8.2.1/laravel/metronic_laravel_v8.2.1/starterkit/vendor/laravel/framework/src/Illuminate/Cookie/Middleware/AddQueuedCookiesToResponse.php(37): Illuminate\\Pipeline\\Pipeline->Illuminate\\Pipeline\\{closure}(Object(Illuminate\\Http\\Request))
#43 /Users/faizal/Sites/keenthemes/_releases/metronic_v8.2.1/laravel/metronic_laravel_v8.2.1/starterkit/vendor/laravel/framework/src/Illuminate/Pipeline/Pipeline.php(180): Illuminate\\Cookie\\Middleware\\AddQueuedCookiesToResponse->handle(Object(Illuminate\\Http\\Request), Object(Closure))
#44 /Users/faizal/Sites/keenthemes/_releases/metronic_v8.2.1/laravel/metronic_laravel_v8.2.1/starterkit/vendor/laravel/framework/src/Illuminate/Cookie/Middleware/EncryptCookies.php(67): Illuminate\\Pipeline\\Pipeline->Illuminate\\Pipeline\\{closure}(Object(Illuminate\\Http\\Request))
#45 /Users/faizal/Sites/keenthemes/_releases/metronic_v8.2.1/laravel/metronic_laravel_v8.2.1/starterkit/vendor/laravel/framework/src/Illuminate/Pipeline/Pipeline.php(180): Illuminate\\Cookie\\Middleware\\EncryptCookies->handle(Object(Illuminate\\Http\\Request), Object(Closure))
#46 /Users/faizal/Sites/keenthemes/_releases/metronic_v8.2.1/laravel/metronic_laravel_v8.2.1/starterkit/vendor/laravel/framework/src/Illuminate/Pipeline/Pipeline.php(116): Illuminate\\Pipeline\\Pipeline->Illuminate\\Pipeline\\{closure}(Object(Illuminate\\Http\\Request))
#47 /Users/faizal/Sites/keenthemes/_releases/metronic_v8.2.1/laravel/metronic_laravel_v8.2.1/starterkit/vendor/laravel/framework/src/Illuminate/Routing/Router.php(798): Illuminate\\Pipeline\\Pipeline->then(Object(Closure))
#48 /Users/faizal/Sites/keenthemes/_releases/metronic_v8.2.1/laravel/metronic_laravel_v8.2.1/starterkit/vendor/laravel/framework/src/Illuminate/Routing/Router.php(777): Illuminate\\Routing\\Router->runRouteWithinStack(Object(Illuminate\\Routing\\Route), Object(Illuminate\\Http\\Request))
#49 /Users/faizal/Sites/keenthemes/_releases/metronic_v8.2.1/laravel/metronic_laravel_v8.2.1/starterkit/vendor/laravel/framework/src/Illuminate/Routing/Router.php(741): Illuminate\\Routing\\Router->runRoute(Object(Illuminate\\Http\\Request), Object(Illuminate\\Routing\\Route))
#50 /Users/faizal/Sites/keenthemes/_releases/metronic_v8.2.1/laravel/metronic_laravel_v8.2.1/starterkit/vendor/laravel/framework/src/Illuminate/Routing/Router.php(730): Illuminate\\Routing\\Router->dispatchToRoute(Object(Illuminate\\Http\\Request))
#51 /Users/faizal/Sites/keenthemes/_releases/metronic_v8.2.1/laravel/metronic_laravel_v8.2.1/starterkit/vendor/laravel/framework/src/Illuminate/Foundation/Http/Kernel.php(200): Illuminate\\Routing\\Router->dispatch(Object(Illuminate\\Http\\Request))
#52 /Users/faizal/Sites/keenthemes/_releases/metronic_v8.2.1/laravel/metronic_laravel_v8.2.1/starterkit/vendor/laravel/framework/src/Illuminate/Pipeline/Pipeline.php(141): Illuminate\\Foundation\\Http\\Kernel->Illuminate\\Foundation\\Http\\{closure}(Object(Illuminate\\Http\\Request))
#53 /Users/faizal/Sites/keenthemes/_releases/metronic_v8.2.1/laravel/metronic_laravel_v8.2.1/starterkit/vendor/livewire/livewire/src/DisableBrowserCache.php(19): Illuminate\\Pipeline\\Pipeline->Illuminate\\Pipeline\\{closure}(Object(Illuminate\\Http\\Request))
#54 /Users/faizal/Sites/keenthemes/_releases/metronic_v8.2.1/laravel/metronic_laravel_v8.2.1/starterkit/vendor/laravel/framework/src/Illuminate/Pipeline/Pipeline.php(180): Livewire\\DisableBrowserCache->handle(Object(Illuminate\\Http\\Request), Object(Closure))
#55 /Users/faizal/Sites/keenthemes/_releases/metronic_v8.2.1/laravel/metronic_laravel_v8.2.1/starterkit/vendor/laravel/framework/src/Illuminate/Foundation/Http/Middleware/TransformsRequest.php(21): Illuminate\\Pipeline\\Pipeline->Illuminate\\Pipeline\\{closure}(Object(Illuminate\\Http\\Request))
#56 /Users/faizal/Sites/keenthemes/_releases/metronic_v8.2.1/laravel/metronic_laravel_v8.2.1/starterkit/vendor/laravel/framework/src/Illuminate/Foundation/Http/Middleware/ConvertEmptyStringsToNull.php(31): Illuminate\\Foundation\\Http\\Middleware\\TransformsRequest->handle(Object(Illuminate\\Http\\Request), Object(Closure))
#57 /Users/faizal/Sites/keenthemes/_releases/metronic_v8.2.1/laravel/metronic_laravel_v8.2.1/starterkit/vendor/laravel/framework/src/Illuminate/Pipeline/Pipeline.php(180): Illuminate\\Foundation\\Http\\Middleware\\ConvertEmptyStringsToNull->handle(Object(Illuminate\\Http\\Request), Object(Closure))
#58 /Users/faizal/Sites/keenthemes/_releases/metronic_v8.2.1/laravel/metronic_laravel_v8.2.1/starterkit/vendor/laravel/framework/src/Illuminate/Foundation/Http/Middleware/TransformsRequest.php(21): Illuminate\\Pipeline\\Pipeline->Illuminate\\Pipeline\\{closure}(Object(Illuminate\\Http\\Request))
#59 /Users/faizal/Sites/keenthemes/_releases/metronic_v8.2.1/laravel/metronic_laravel_v8.2.1/starterkit/vendor/laravel/framework/src/Illuminate/Foundation/Http/Middleware/TrimStrings.php(40): Illuminate\\Foundation\\Http\\Middleware\\TransformsRequest->handle(Object(Illuminate\\Http\\Request), Object(Closure))
#60 /Users/faizal/Sites/keenthemes/_releases/metronic_v8.2.1/laravel/metronic_laravel_v8.2.1/starterkit/vendor/laravel/framework/src/Illuminate/Pipeline/Pipeline.php(180): Illuminate\\Foundation\\Http\\Middleware\\TrimStrings->handle(Object(Illuminate\\Http\\Request), Object(Closure))
#61 /Users/faizal/Sites/keenthemes/_releases/metronic_v8.2.1/laravel/metronic_laravel_v8.2.1/starterkit/vendor/laravel/framework/src/Illuminate/Foundation/Http/Middleware/ValidatePostSize.php(27): Illuminate\\Pipeline\\Pipeline->Illuminate\\Pipeline\\{closure}(Object(Illuminate\\Http\\Request))
#62 /Users/faizal/Sites/keenthemes/_releases/metronic_v8.2.1/laravel/metronic_laravel_v8.2.1/starterkit/vendor/laravel/framework/src/Illuminate/Pipeline/Pipeline.php(180): Illuminate\\Foundation\\Http\\Middleware\\ValidatePostSize->handle(Object(Illuminate\\Http\\Request), Object(Closure))
#63 /Users/faizal/Sites/keenthemes/_releases/metronic_v8.2.1/laravel/metronic_laravel_v8.2.1/starterkit/vendor/laravel/framework/src/Illuminate/Foundation/Http/Middleware/PreventRequestsDuringMaintenance.php(99): Illuminate\\Pipeline\\Pipeline->Illuminate\\Pipeline\\{closure}(Object(Illuminate\\Http\\Request))
#64 /Users/faizal/Sites/keenthemes/_releases/metronic_v8.2.1/laravel/metronic_laravel_v8.2.1/starterkit/vendor/laravel/framework/src/Illuminate/Pipeline/Pipeline.php(180): Illuminate\\Foundation\\Http\\Middleware\\PreventRequestsDuringMaintenance->handle(Object(Illuminate\\Http\\Request), Object(Closure))
#65 /Users/faizal/Sites/keenthemes/_releases/metronic_v8.2.1/laravel/metronic_laravel_v8.2.1/starterkit/vendor/laravel/framework/src/Illuminate/Http/Middleware/HandleCors.php(49): Illuminate\\Pipeline\\Pipeline->Illuminate\\Pipeline\\{closure}(Object(Illuminate\\Http\\Request))
#66 /Users/faizal/Sites/keenthemes/_releases/metronic_v8.2.1/laravel/metronic_laravel_v8.2.1/starterkit/vendor/laravel/framework/src/Illuminate/Pipeline/Pipeline.php(180): Illuminate\\Http\\Middleware\\HandleCors->handle(Object(Illuminate\\Http\\Request), Object(Closure))
#67 /Users/faizal/Sites/keenthemes/_releases/metronic_v8.2.1/laravel/metronic_laravel_v8.2.1/starterkit/vendor/laravel/framework/src/Illuminate/Http/Middleware/TrustProxies.php(39): Illuminate\\Pipeline\\Pipeline->Illuminate\\Pipeline\\{closure}(Object(Illuminate\\Http\\Request))
#68 /Users/faizal/Sites/keenthemes/_releases/metronic_v8.2.1/laravel/metronic_laravel_v8.2.1/starterkit/vendor/laravel/framework/src/Illuminate/Pipeline/Pipeline.php(180): Illuminate\\Http\\Middleware\\TrustProxies->handle(Object(Illuminate\\Http\\Request), Object(Closure))
#69 /Users/faizal/Sites/keenthemes/_releases/metronic_v8.2.1/laravel/metronic_laravel_v8.2.1/starterkit/vendor/laravel/framework/src/Illuminate/Pipeline/Pipeline.php(116): Illuminate\\Pipeline\\Pipeline->Illuminate\\Pipeline\\{closure}(Object(Illuminate\\Http\\Request))
#70 /Users/faizal/Sites/keenthemes/_releases/metronic_v8.2.1/laravel/metronic_laravel_v8.2.1/starterkit/vendor/laravel/framework/src/Illuminate/Foundation/Http/Kernel.php(175): Illuminate\\Pipeline\\Pipeline->then(Object(Closure))
#71 /Users/faizal/Sites/keenthemes/_releases/metronic_v8.2.1/laravel/metronic_laravel_v8.2.1/starterkit/vendor/laravel/framework/src/Illuminate/Foundation/Http/Kernel.php(144): Illuminate\\Foundation\\Http\\Kernel->sendRequestThroughRouter(Object(Illuminate\\Http\\Request))
#72 /Users/faizal/Sites/keenthemes/_releases/metronic_v8.2.1/laravel/metronic_laravel_v8.2.1/starterkit/public/index.php(51): Illuminate\\Foundation\\Http\\Kernel->handle(Object(Illuminate\\Http\\Request))
#73 /Users/faizal/Sites/keenthemes/_releases/metronic_v8.2.1/laravel/metronic_laravel_v8.2.1/starterkit/vendor/laravel/framework/src/Illuminate/Foundation/resources/server.php(16): require_once('/Users/faizal/S...')
#74 {main}
"} 
